#
# A fatal error has been detected by the Java Runtime Environment:
#
#  EXCEPTION_ACCESS_VIOLATION (0xc0000005) at pc=0x00007ffa779f3c85, pid=4840, tid=16240
#
# JRE version: Java(TM) SE Runtime Environment (12.0.1+12) (build 12.0.1+12)
# Java VM: Java HotSpot(TM) 64-Bit Server VM (12.0.1+12, mixed mode, sharing, tiered, compressed oops, g1 gc, windows-amd64)
# Problematic frame:
# C  [DiscordHook64.dll+0x43c85]
#
# No core dump will be written. Minidumps are not enabled by default on client versions of Windows
#
# If you would like to submit a bug report, please visit:
#   http://bugreport.java.com/bugreport/crash.jsp
#

---------------  S U M M A R Y ------------

Command Line: -Dfile.encoding=UTF-8 CCarCrash

Host: AMD Ryzen 5 1600X Six-Core Processor           , 12 cores, 15G,  Windows 10 , 64 bit Build 17763 (10.0.17763.437)
Time: Wed Apr 24 21:33:56 2019 GMT Summer Time elapsed time: 4242 seconds (0d 1h 10m 42s)

---------------  T H R E A D  ---------------

Current thread (0x0000016338195800):  VMThread "VM Thread" [stack: 0x0000003f49c00000,0x0000003f49d00000] [id=16240]

Stack: [0x0000003f49c00000,0x0000003f49d00000],  sp=0x0000003f49cfec00,  free space=1019k
Native frames: (J=compiled Java code, j=interpreted, Vv=VM code, C=native code)
C  [DiscordHook64.dll+0x43c85]


siginfo: EXCEPTION_ACCESS_VIOLATION (0xc0000005), reading address 0x00007ffab2611b40


Register to memory mapping:

RIP=0x00007ffa779f3c85 DiscordHook64.dll
RAX=0x00007ffab2611b30 is an unknown value
RBX=0x00007ffa77c51c98 DiscordHook64.dll
RCX=0x0000016339625b58 points into unknown readable memory: 30 1b 61 b2 fa 7f 00 00
RDX=0x00007ffa77c5ad20 DiscordHook64.dll
RSP=0x0000003f49cfec00 points into unknown readable memory: 98 1e 7d 39 63 01 00 00
RBP=0x0000f5be1c1be913 is an unknown value
RSI=0x0 is NULL
RDI=0x0000000000000001 is an unknown value
R8 =0x0000f5be1c1be913 is an unknown value
R9 =0x0000000000000013 is an unknown value
R10=0x00000163397d1e60 points into unknown readable memory: 10 e9 bb f5 34 48 d3 ff
R11=0x0000000000000246 is an unknown value
R12=0x00000163397d1f38 points into unknown readable memory: 13 e9 1b 1c be f5 00 00
R13=0x00000163397d1e60 points into unknown readable memory: 10 e9 bb f5 34 48 d3 ff
R14=0x0000003f49cfecd0 points into unknown readable memory: f0 ec cf 49 3f 00 00 00
R15=0x0000000000000040 is an unknown value


Registers:
RAX=0x00007ffab2611b30, RBX=0x00007ffa77c51c98, RCX=0x0000016339625b58, RDX=0x00007ffa77c5ad20
RSP=0x0000003f49cfec00, RBP=0x0000f5be1c1be913, RSI=0x0000000000000000, RDI=0x0000000000000001
R8 =0x0000f5be1c1be913, R9 =0x0000000000000013, R10=0x00000163397d1e60, R11=0x0000000000000246
R12=0x00000163397d1f38, R13=0x00000163397d1e60, R14=0x0000003f49cfecd0, R15=0x0000000000000040
RIP=0x00007ffa779f3c85, EFLAGS=0x0000000000010202

Top of Stack: (sp=0x0000003f49cfec00)
0x0000003f49cfec00:   00000163397d1e98 0000016300000000
0x0000003f49cfec10:   fffffffffffffffe 0000000000000040
0x0000003f49cfec20:   00000163397d1e60 00007ffa77bae438
0x0000003f49cfec30:   00000163397d1e90 0000000000000000
0x0000003f49cfec40:   0000000000000000 0000000000000000
0x0000003f49cfec50:   0000000000000001 00007ffa779b0000
0x0000003f49cfec60:   0000003f4b5feba0 00007ffa779bd215
0x0000003f49cfec70:   0000003f49cfecd0 00007ffa77badfd1
0x0000003f49cfec80:   0000003f49cfed00 0000003f49cfeda0
0x0000003f49cfec90:   0000000000000001 0000000000000000
0x0000003f49cfeca0:   0000003f49cfed80 00007ffa77bae5bd
0x0000003f49cfecb0:   0000003f49cfed80 0000000000000000
0x0000003f49cfecc0:   0000c1c855a294ff 0000003f49cfed00
0x0000003f49cfecd0:   0000003f49cfecf0 0000003f49cfed80
0x0000003f49cfece0:   0000000000000000 00007ffa77bac034
0x0000003f49cfecf0:   00007ffa77c5ad20 00007ffae6f8ea05 

Instructions: (pc=0x00007ffa779f3c85)
0x00007ffa779f3c65:   8d 5b f0 48 ff cf 48 85 c9 74 0a 48 8b 01 ff 50
0x00007ffa779f3c75:   10 48 89 73 08 48 8b 0b 48 85 c9 74 09 48 8b 01
0x00007ffa779f3c85:   ff 50 10 48 89 33 48 85 ff 75 d0 48 8b 5c 24 30
0x00007ffa779f3c95:   48 8b 74 24 38 48 83 c4 20 5f c3 cc cc cc cc cc 


Stack slot to memory mapping:
stack at sp + 0 slots: 0x00000163397d1e98 points into unknown readable memory: 13 e9 1b 1c be f5 00 00
stack at sp + 1 slots: 0x0000016300000000 points into unknown readable memory: 00 00 00 00 00 00 00 00
stack at sp + 2 slots: 0xfffffffffffffffe is an unknown value
stack at sp + 3 slots: 0x0000000000000040 is an unknown value
stack at sp + 4 slots: 0x00000163397d1e60 points into unknown readable memory: 10 e9 bb f5 34 48 d3 ff
stack at sp + 5 slots: 0x00007ffa77bae438 DiscordHook64.dll
stack at sp + 6 slots: 0x00000163397d1e90 points into unknown readable memory: 13 e9 1b 1c be f5 00 00
stack at sp + 7 slots: 0x0 is NULL

VM_Operation (0x0000003f4b5feba0): Exit, mode: safepoint, requested by thread 0x0000016339357000


---------------  P R O C E S S  ---------------

Threads class SMR info:
_java_thread_list=0x000001633938d2d0, length=14, elements={
0x0000016338197000, 0x0000016338198800, 0x0000016338a35800, 0x0000016338a37800,
0x0000016338a3d000, 0x0000016338a63800, 0x0000016338a66000, 0x0000016338ba3800,
0x0000016338bb8000, 0x0000016339050000, 0x0000016339023800, 0x0000016339357000,
0x00000163142d7800, 0x0000016340f85000
}

Java Threads: ( => current thread )
  0x0000016338197000 JavaThread "Reference Handler" daemon [_thread_blocked, id=14964, stack(0x0000003f49d00000,0x0000003f49e00000)]
  0x0000016338198800 JavaThread "Finalizer" daemon [_thread_blocked, id=4040, stack(0x0000003f49e00000,0x0000003f49f00000)]
  0x0000016338a35800 JavaThread "Signal Dispatcher" daemon [_thread_blocked, id=7012, stack(0x0000003f49f00000,0x0000003f4a000000)]
  0x0000016338a37800 JavaThread "Attach Listener" daemon [_thread_blocked, id=10820, stack(0x0000003f4a000000,0x0000003f4a100000)]
  0x0000016338a3d000 JavaThread "C2 CompilerThread0" daemon [_thread_blocked, id=8644, stack(0x0000003f4a100000,0x0000003f4a200000)]
  0x0000016338a63800 JavaThread "C1 CompilerThread0" daemon [_thread_blocked, id=7796, stack(0x0000003f4a200000,0x0000003f4a300000)]
  0x0000016338a66000 JavaThread "Sweeper thread" daemon [_thread_blocked, id=8276, stack(0x0000003f4a300000,0x0000003f4a400000)]
  0x0000016338ba3800 JavaThread "Service Thread" daemon [_thread_blocked, id=8936, stack(0x0000003f4a400000,0x0000003f4a500000)]
  0x0000016338bb8000 JavaThread "Common-Cleaner" daemon [_thread_blocked, id=2072, stack(0x0000003f4a600000,0x0000003f4a700000)]
  0x0000016339050000 JavaThread "Java2D Disposer" daemon [_thread_blocked, id=15588, stack(0x0000003f4a700000,0x0000003f4a800000)]
  0x0000016339023800 JavaThread "AWT-Shutdown" [_thread_blocked, id=8352, stack(0x0000003f4a800000,0x0000003f4a900000)]
  0x0000016339357000 JavaThread "AWT-EventQueue-0" [_thread_blocked, id=17260, stack(0x0000003f4b500000,0x0000003f4b600000)]
  0x00000163142d7800 JavaThread "DestroyJavaVM" [_thread_blocked, id=4864, stack(0x0000003f49600000,0x0000003f49700000)]
  0x0000016340f85000 JavaThread "TimerQueue" daemon [_thread_blocked, id=16996, stack(0x0000003f4ba00000,0x0000003f4bb00000)]

Other Threads:
=>0x0000016338195800 VMThread "VM Thread" [stack: 0x0000003f49c00000,0x0000003f49d00000] [id=16240]
  0x000001631433e000 GCTaskThread "GC Thread#0" [stack: 0x0000003f49700000,0x0000003f49800000] [id=14400]
  0x000001633a924800 GCTaskThread "GC Thread#1" [stack: 0x0000003f49400000,0x0000003f49500000] [id=9788]
  0x0000016339325800 GCTaskThread "GC Thread#2" [stack: 0x0000003f49500000,0x0000003f49600000] [id=10512]
  0x0000016339327000 GCTaskThread "GC Thread#3" [stack: 0x0000003f4aa00000,0x0000003f4ab00000] [id=14092]
  0x0000016338d2e800 GCTaskThread "GC Thread#4" [stack: 0x0000003f4b400000,0x0000003f4b500000] [id=7740]
  0x0000016338d2f000 GCTaskThread "GC Thread#5" [stack: 0x0000003f4b800000,0x0000003f4b900000] [id=16072]
  0x0000016314358800 ConcurrentGCThread "G1 Main Marker" [stack: 0x0000003f49800000,0x0000003f49900000] [id=14712]
  0x000001631435b000 ConcurrentGCThread "G1 Conc#0" [stack: 0x0000003f49900000,0x0000003f49a00000] [id=8280]
  0x0000016338080000 ConcurrentGCThread "G1 Refine#0" [stack: 0x0000003f49a00000,0x0000003f49b00000] [id=1864]
  0x0000016338081000 ConcurrentGCThread "G1 Young RemSet Sampling" [stack: 0x0000003f49b00000,0x0000003f49c00000] [id=8408]

Threads with active compile tasks:

VM state:at safepoint (shutting down)

VM Mutex/Monitor currently owned by a thread:  ([mutex/lock_event])
[0x00000163142d48a0] Threads_lock - owner thread: 0x0000016338195800

Heap address: 0x0000000700c00000, size: 4084 MB, Compressed Oops mode: Zero based, Oop shift amount: 3
Narrow klass base: 0x0000000800000000, Narrow klass shift: 3
Compressed class space size: 1073741824 Address: 0x00000008011a0000

Heap:
 garbage-first heap   total 262144K, used 17336K [0x0000000700c00000, 0x0000000800000000)
  region size 1024K, 18 young (18432K), 3 survivors (3072K)
 Metaspace       used 10748K, capacity 11138K, committed 11392K, reserved 1058816K
  class space    used 1201K, capacity 1373K, committed 1408K, reserved 1048576K
Heap Regions: E=young(eden), S=young(survivor), O=old, HS=humongous(starts), HC=humongous(continues), CS=collection set, F=free, A=archive, TAMS=top-at-mark-start (previous, next)
|   0|0x0000000700c00000, 0x0000000700c00000, 0x0000000700d00000|  0%| F|  |TAMS 0x0000000700c00000, 0x0000000700c00000| Untracked 
|   1|0x0000000700d00000, 0x0000000700d00000, 0x0000000700e00000|  0%| F|  |TAMS 0x0000000700d00000, 0x0000000700d00000| Untracked 
|   2|0x0000000700e00000, 0x0000000700e00000, 0x0000000700f00000|  0%| F|  |TAMS 0x0000000700e00000, 0x0000000700e00000| Untracked 
|   3|0x0000000700f00000, 0x0000000700f00000, 0x0000000701000000|  0%| F|  |TAMS 0x0000000700f00000, 0x0000000700f00000| Untracked 
|   4|0x0000000701000000, 0x0000000701000000, 0x0000000701100000|  0%| F|  |TAMS 0x0000000701000000, 0x0000000701000000| Untracked 
|   5|0x0000000701100000, 0x0000000701100000, 0x0000000701200000|  0%| F|  |TAMS 0x0000000701100000, 0x0000000701100000| Untracked 
|   6|0x0000000701200000, 0x0000000701200000, 0x0000000701300000|  0%| F|  |TAMS 0x0000000701200000, 0x0000000701200000| Untracked 
|   7|0x0000000701300000, 0x0000000701300000, 0x0000000701400000|  0%| F|  |TAMS 0x0000000701300000, 0x0000000701300000| Untracked 
|   8|0x0000000701400000, 0x0000000701400000, 0x0000000701500000|  0%| F|  |TAMS 0x0000000701400000, 0x0000000701400000| Untracked 
|   9|0x0000000701500000, 0x0000000701500000, 0x0000000701600000|  0%| F|  |TAMS 0x0000000701500000, 0x0000000701500000| Untracked 
|  10|0x0000000701600000, 0x0000000701600000, 0x0000000701700000|  0%| F|  |TAMS 0x0000000701600000, 0x0000000701600000| Untracked 
|  11|0x0000000701700000, 0x0000000701700000, 0x0000000701800000|  0%| F|  |TAMS 0x0000000701700000, 0x0000000701700000| Untracked 
|  12|0x0000000701800000, 0x0000000701800000, 0x0000000701900000|  0%| F|  |TAMS 0x0000000701800000, 0x0000000701800000| Untracked 
|  13|0x0000000701900000, 0x0000000701900000, 0x0000000701a00000|  0%| F|  |TAMS 0x0000000701900000, 0x0000000701900000| Untracked 
|  14|0x0000000701a00000, 0x0000000701a00000, 0x0000000701b00000|  0%| F|  |TAMS 0x0000000701a00000, 0x0000000701a00000| Untracked 
|  15|0x0000000701b00000, 0x0000000701b00000, 0x0000000701c00000|  0%| F|  |TAMS 0x0000000701b00000, 0x0000000701b00000| Untracked 
|  16|0x0000000701c00000, 0x0000000701c00000, 0x0000000701d00000|  0%| F|  |TAMS 0x0000000701c00000, 0x0000000701c00000| Untracked 
|  17|0x0000000701d00000, 0x0000000701d00000, 0x0000000701e00000|  0%| F|  |TAMS 0x0000000701d00000, 0x0000000701d00000| Untracked 
|  18|0x0000000701e00000, 0x0000000701e00000, 0x0000000701f00000|  0%| F|  |TAMS 0x0000000701e00000, 0x0000000701e00000| Untracked 
|  19|0x0000000701f00000, 0x0000000701f00000, 0x0000000702000000|  0%| F|  |TAMS 0x0000000701f00000, 0x0000000701f00000| Untracked 
|  20|0x0000000702000000, 0x0000000702000000, 0x0000000702100000|  0%| F|  |TAMS 0x0000000702000000, 0x0000000702000000| Untracked 
|  21|0x0000000702100000, 0x0000000702100000, 0x0000000702200000|  0%| F|  |TAMS 0x0000000702100000, 0x0000000702100000| Untracked 
|  22|0x0000000702200000, 0x0000000702200000, 0x0000000702300000|  0%| F|  |TAMS 0x0000000702200000, 0x0000000702200000| Untracked 
|  23|0x0000000702300000, 0x0000000702300000, 0x0000000702400000|  0%| F|  |TAMS 0x0000000702300000, 0x0000000702300000| Untracked 
|  24|0x0000000702400000, 0x0000000702400000, 0x0000000702500000|  0%| F|  |TAMS 0x0000000702400000, 0x0000000702400000| Untracked 
|  25|0x0000000702500000, 0x0000000702500000, 0x0000000702600000|  0%| F|  |TAMS 0x0000000702500000, 0x0000000702500000| Untracked 
|  26|0x0000000702600000, 0x0000000702600000, 0x0000000702700000|  0%| F|  |TAMS 0x0000000702600000, 0x0000000702600000| Untracked 
|  27|0x0000000702700000, 0x0000000702700000, 0x0000000702800000|  0%| F|  |TAMS 0x0000000702700000, 0x0000000702700000| Untracked 
|  28|0x0000000702800000, 0x0000000702800000, 0x0000000702900000|  0%| F|  |TAMS 0x0000000702800000, 0x0000000702800000| Untracked 
|  29|0x0000000702900000, 0x0000000702900000, 0x0000000702a00000|  0%| F|  |TAMS 0x0000000702900000, 0x0000000702900000| Untracked 
|  30|0x0000000702a00000, 0x0000000702a00000, 0x0000000702b00000|  0%| F|  |TAMS 0x0000000702a00000, 0x0000000702a00000| Untracked 
|  31|0x0000000702b00000, 0x0000000702b00000, 0x0000000702c00000|  0%| F|  |TAMS 0x0000000702b00000, 0x0000000702b00000| Untracked 
|  32|0x0000000702c00000, 0x0000000702c00000, 0x0000000702d00000|  0%| F|  |TAMS 0x0000000702c00000, 0x0000000702c00000| Untracked 
|  33|0x0000000702d00000, 0x0000000702d00000, 0x0000000702e00000|  0%| F|  |TAMS 0x0000000702d00000, 0x0000000702d00000| Untracked 
|  34|0x0000000702e00000, 0x0000000702e00000, 0x0000000702f00000|  0%| F|  |TAMS 0x0000000702e00000, 0x0000000702e00000| Untracked 
|  35|0x0000000702f00000, 0x0000000702f00000, 0x0000000703000000|  0%| F|  |TAMS 0x0000000702f00000, 0x0000000702f00000| Untracked 
|  36|0x0000000703000000, 0x0000000703000000, 0x0000000703100000|  0%| F|  |TAMS 0x0000000703000000, 0x0000000703000000| Untracked 
|  37|0x0000000703100000, 0x0000000703100000, 0x0000000703200000|  0%| F|  |TAMS 0x0000000703100000, 0x0000000703100000| Untracked 
|  38|0x0000000703200000, 0x0000000703200000, 0x0000000703300000|  0%| F|  |TAMS 0x0000000703200000, 0x0000000703200000| Untracked 
|  39|0x0000000703300000, 0x0000000703300000, 0x0000000703400000|  0%| F|  |TAMS 0x0000000703300000, 0x0000000703300000| Untracked 
|  40|0x0000000703400000, 0x0000000703400000, 0x0000000703500000|  0%| F|  |TAMS 0x0000000703400000, 0x0000000703400000| Untracked 
|  41|0x0000000703500000, 0x0000000703500000, 0x0000000703600000|  0%| F|  |TAMS 0x0000000703500000, 0x0000000703500000| Untracked 
|  42|0x0000000703600000, 0x0000000703600000, 0x0000000703700000|  0%| F|  |TAMS 0x0000000703600000, 0x0000000703600000| Untracked 
|  43|0x0000000703700000, 0x0000000703700000, 0x0000000703800000|  0%| F|  |TAMS 0x0000000703700000, 0x0000000703700000| Untracked 
|  44|0x0000000703800000, 0x0000000703800000, 0x0000000703900000|  0%| F|  |TAMS 0x0000000703800000, 0x0000000703800000| Untracked 
|  45|0x0000000703900000, 0x0000000703900000, 0x0000000703a00000|  0%| F|  |TAMS 0x0000000703900000, 0x0000000703900000| Untracked 
|  46|0x0000000703a00000, 0x0000000703a00000, 0x0000000703b00000|  0%| F|  |TAMS 0x0000000703a00000, 0x0000000703a00000| Untracked 
|  47|0x0000000703b00000, 0x0000000703b00000, 0x0000000703c00000|  0%| F|  |TAMS 0x0000000703b00000, 0x0000000703b00000| Untracked 
|  48|0x0000000703c00000, 0x0000000703c00000, 0x0000000703d00000|  0%| F|  |TAMS 0x0000000703c00000, 0x0000000703c00000| Untracked 
|  49|0x0000000703d00000, 0x0000000703d00000, 0x0000000703e00000|  0%| F|  |TAMS 0x0000000703d00000, 0x0000000703d00000| Untracked 
|  50|0x0000000703e00000, 0x0000000703e00000, 0x0000000703f00000|  0%| F|  |TAMS 0x0000000703e00000, 0x0000000703e00000| Untracked 
|  51|0x0000000703f00000, 0x0000000703f00000, 0x0000000704000000|  0%| F|  |TAMS 0x0000000703f00000, 0x0000000703f00000| Untracked 
|  52|0x0000000704000000, 0x0000000704000000, 0x0000000704100000|  0%| F|  |TAMS 0x0000000704000000, 0x0000000704000000| Untracked 
|  53|0x0000000704100000, 0x0000000704100000, 0x0000000704200000|  0%| F|  |TAMS 0x0000000704100000, 0x0000000704100000| Untracked 
|  54|0x0000000704200000, 0x0000000704200000, 0x0000000704300000|  0%| F|  |TAMS 0x0000000704200000, 0x0000000704200000| Untracked 
|  55|0x0000000704300000, 0x0000000704300000, 0x0000000704400000|  0%| F|  |TAMS 0x0000000704300000, 0x0000000704300000| Untracked 
|  56|0x0000000704400000, 0x0000000704400000, 0x0000000704500000|  0%| F|  |TAMS 0x0000000704400000, 0x0000000704400000| Untracked 
|  57|0x0000000704500000, 0x0000000704500000, 0x0000000704600000|  0%| F|  |TAMS 0x0000000704500000, 0x0000000704500000| Untracked 
|  58|0x0000000704600000, 0x0000000704600000, 0x0000000704700000|  0%| F|  |TAMS 0x0000000704600000, 0x0000000704600000| Untracked 
|  59|0x0000000704700000, 0x0000000704700000, 0x0000000704800000|  0%| F|  |TAMS 0x0000000704700000, 0x0000000704700000| Untracked 
|  60|0x0000000704800000, 0x0000000704800000, 0x0000000704900000|  0%| F|  |TAMS 0x0000000704800000, 0x0000000704800000| Untracked 
|  61|0x0000000704900000, 0x0000000704900000, 0x0000000704a00000|  0%| F|  |TAMS 0x0000000704900000, 0x0000000704900000| Untracked 
|  62|0x0000000704a00000, 0x0000000704a00000, 0x0000000704b00000|  0%| F|  |TAMS 0x0000000704a00000, 0x0000000704a00000| Untracked 
|  63|0x0000000704b00000, 0x0000000704b00000, 0x0000000704c00000|  0%| F|  |TAMS 0x0000000704b00000, 0x0000000704b00000| Untracked 
|  64|0x0000000704c00000, 0x0000000704c00000, 0x0000000704d00000|  0%| F|  |TAMS 0x0000000704c00000, 0x0000000704c00000| Untracked 
|  65|0x0000000704d00000, 0x0000000704d00000, 0x0000000704e00000|  0%| F|  |TAMS 0x0000000704d00000, 0x0000000704d00000| Untracked 
|  66|0x0000000704e00000, 0x0000000704e00000, 0x0000000704f00000|  0%| F|  |TAMS 0x0000000704e00000, 0x0000000704e00000| Untracked 
|  67|0x0000000704f00000, 0x0000000704f00000, 0x0000000705000000|  0%| F|  |TAMS 0x0000000704f00000, 0x0000000704f00000| Untracked 
|  68|0x0000000705000000, 0x0000000705000000, 0x0000000705100000|  0%| F|  |TAMS 0x0000000705000000, 0x0000000705000000| Untracked 
|  69|0x0000000705100000, 0x0000000705100000, 0x0000000705200000|  0%| F|  |TAMS 0x0000000705100000, 0x0000000705100000| Untracked 
|  70|0x0000000705200000, 0x0000000705200000, 0x0000000705300000|  0%| F|  |TAMS 0x0000000705200000, 0x0000000705200000| Untracked 
|  71|0x0000000705300000, 0x0000000705300000, 0x0000000705400000|  0%| F|  |TAMS 0x0000000705300000, 0x0000000705300000| Untracked 
|  72|0x0000000705400000, 0x0000000705400000, 0x0000000705500000|  0%| F|  |TAMS 0x0000000705400000, 0x0000000705400000| Untracked 
|  73|0x0000000705500000, 0x0000000705500000, 0x0000000705600000|  0%| F|  |TAMS 0x0000000705500000, 0x0000000705500000| Untracked 
|  74|0x0000000705600000, 0x0000000705600000, 0x0000000705700000|  0%| F|  |TAMS 0x0000000705600000, 0x0000000705600000| Untracked 
|  75|0x0000000705700000, 0x0000000705700000, 0x0000000705800000|  0%| F|  |TAMS 0x0000000705700000, 0x0000000705700000| Untracked 
|  76|0x0000000705800000, 0x0000000705800000, 0x0000000705900000|  0%| F|  |TAMS 0x0000000705800000, 0x0000000705800000| Untracked 
|  77|0x0000000705900000, 0x0000000705900000, 0x0000000705a00000|  0%| F|  |TAMS 0x0000000705900000, 0x0000000705900000| Untracked 
|  78|0x0000000705a00000, 0x0000000705a00000, 0x0000000705b00000|  0%| F|  |TAMS 0x0000000705a00000, 0x0000000705a00000| Untracked 
|  79|0x0000000705b00000, 0x0000000705b00000, 0x0000000705c00000|  0%| F|  |TAMS 0x0000000705b00000, 0x0000000705b00000| Untracked 
|  80|0x0000000705c00000, 0x0000000705c00000, 0x0000000705d00000|  0%| F|  |TAMS 0x0000000705c00000, 0x0000000705c00000| Untracked 
|  81|0x0000000705d00000, 0x0000000705d00000, 0x0000000705e00000|  0%| F|  |TAMS 0x0000000705d00000, 0x0000000705d00000| Untracked 
|  82|0x0000000705e00000, 0x0000000705e00000, 0x0000000705f00000|  0%| F|  |TAMS 0x0000000705e00000, 0x0000000705e00000| Untracked 
|  83|0x0000000705f00000, 0x0000000705f00000, 0x0000000706000000|  0%| F|  |TAMS 0x0000000705f00000, 0x0000000705f00000| Untracked 
|  84|0x0000000706000000, 0x0000000706000000, 0x0000000706100000|  0%| F|  |TAMS 0x0000000706000000, 0x0000000706000000| Untracked 
|  85|0x0000000706100000, 0x0000000706100000, 0x0000000706200000|  0%| F|  |TAMS 0x0000000706100000, 0x0000000706100000| Untracked 
|  86|0x0000000706200000, 0x0000000706200000, 0x0000000706300000|  0%| F|  |TAMS 0x0000000706200000, 0x0000000706200000| Untracked 
|  87|0x0000000706300000, 0x0000000706300000, 0x0000000706400000|  0%| F|  |TAMS 0x0000000706300000, 0x0000000706300000| Untracked 
|  88|0x0000000706400000, 0x0000000706400000, 0x0000000706500000|  0%| F|  |TAMS 0x0000000706400000, 0x0000000706400000| Untracked 
|  89|0x0000000706500000, 0x0000000706500000, 0x0000000706600000|  0%| F|  |TAMS 0x0000000706500000, 0x0000000706500000| Untracked 
|  90|0x0000000706600000, 0x0000000706600000, 0x0000000706700000|  0%| F|  |TAMS 0x0000000706600000, 0x0000000706600000| Untracked 
|  91|0x0000000706700000, 0x0000000706700000, 0x0000000706800000|  0%| F|  |TAMS 0x0000000706700000, 0x0000000706700000| Untracked 
|  92|0x0000000706800000, 0x0000000706800000, 0x0000000706900000|  0%| F|  |TAMS 0x0000000706800000, 0x0000000706800000| Untracked 
|  93|0x0000000706900000, 0x0000000706900000, 0x0000000706a00000|  0%| F|  |TAMS 0x0000000706900000, 0x0000000706900000| Untracked 
|  94|0x0000000706a00000, 0x0000000706a00000, 0x0000000706b00000|  0%| F|  |TAMS 0x0000000706a00000, 0x0000000706a00000| Untracked 
|  95|0x0000000706b00000, 0x0000000706b00000, 0x0000000706c00000|  0%| F|  |TAMS 0x0000000706b00000, 0x0000000706b00000| Untracked 
|  96|0x0000000706c00000, 0x0000000706c00000, 0x0000000706d00000|  0%| F|  |TAMS 0x0000000706c00000, 0x0000000706c00000| Untracked 
|  97|0x0000000706d00000, 0x0000000706d00000, 0x0000000706e00000|  0%| F|  |TAMS 0x0000000706d00000, 0x0000000706d00000| Untracked 
|  98|0x0000000706e00000, 0x0000000706e00000, 0x0000000706f00000|  0%| F|  |TAMS 0x0000000706e00000, 0x0000000706e00000| Untracked 
|  99|0x0000000706f00000, 0x0000000706f00000, 0x0000000707000000|  0%| F|  |TAMS 0x0000000706f00000, 0x0000000706f00000| Untracked 
| 100|0x0000000707000000, 0x0000000707000000, 0x0000000707100000|  0%| F|  |TAMS 0x0000000707000000, 0x0000000707000000| Untracked 
| 101|0x0000000707100000, 0x0000000707100000, 0x0000000707200000|  0%| F|  |TAMS 0x0000000707100000, 0x0000000707100000| Untracked 
| 102|0x0000000707200000, 0x0000000707200000, 0x0000000707300000|  0%| F|  |TAMS 0x0000000707200000, 0x0000000707200000| Untracked 
| 103|0x0000000707300000, 0x0000000707300000, 0x0000000707400000|  0%| F|  |TAMS 0x0000000707300000, 0x0000000707300000| Untracked 
| 104|0x0000000707400000, 0x0000000707400000, 0x0000000707500000|  0%| F|  |TAMS 0x0000000707400000, 0x0000000707400000| Untracked 
| 105|0x0000000707500000, 0x0000000707500000, 0x0000000707600000|  0%| F|  |TAMS 0x0000000707500000, 0x0000000707500000| Untracked 
| 106|0x0000000707600000, 0x0000000707600000, 0x0000000707700000|  0%| F|  |TAMS 0x0000000707600000, 0x0000000707600000| Untracked 
| 107|0x0000000707700000, 0x0000000707700000, 0x0000000707800000|  0%| F|  |TAMS 0x0000000707700000, 0x0000000707700000| Untracked 
| 108|0x0000000707800000, 0x0000000707800000, 0x0000000707900000|  0%| F|  |TAMS 0x0000000707800000, 0x0000000707800000| Untracked 
| 109|0x0000000707900000, 0x0000000707900000, 0x0000000707a00000|  0%| F|  |TAMS 0x0000000707900000, 0x0000000707900000| Untracked 
| 110|0x0000000707a00000, 0x0000000707a00000, 0x0000000707b00000|  0%| F|  |TAMS 0x0000000707a00000, 0x0000000707a00000| Untracked 
| 111|0x0000000707b00000, 0x0000000707b00000, 0x0000000707c00000|  0%| F|  |TAMS 0x0000000707b00000, 0x0000000707b00000| Untracked 
| 112|0x0000000707c00000, 0x0000000707c00000, 0x0000000707d00000|  0%| F|  |TAMS 0x0000000707c00000, 0x0000000707c00000| Untracked 
| 113|0x0000000707d00000, 0x0000000707d00000, 0x0000000707e00000|  0%| F|  |TAMS 0x0000000707d00000, 0x0000000707d00000| Untracked 
| 114|0x0000000707e00000, 0x0000000707e00000, 0x0000000707f00000|  0%| F|  |TAMS 0x0000000707e00000, 0x0000000707e00000| Untracked 
| 115|0x0000000707f00000, 0x0000000707f00000, 0x0000000708000000|  0%| F|  |TAMS 0x0000000707f00000, 0x0000000707f00000| Untracked 
| 116|0x0000000708000000, 0x0000000708000000, 0x0000000708100000|  0%| F|  |TAMS 0x0000000708000000, 0x0000000708000000| Untracked 
| 117|0x0000000708100000, 0x0000000708100000, 0x0000000708200000|  0%| F|  |TAMS 0x0000000708100000, 0x0000000708100000| Untracked 
| 118|0x0000000708200000, 0x0000000708200000, 0x0000000708300000|  0%| F|  |TAMS 0x0000000708200000, 0x0000000708200000| Untracked 
| 119|0x0000000708300000, 0x0000000708300000, 0x0000000708400000|  0%| F|  |TAMS 0x0000000708300000, 0x0000000708300000| Untracked 
| 120|0x0000000708400000, 0x0000000708400000, 0x0000000708500000|  0%| F|  |TAMS 0x0000000708400000, 0x0000000708400000| Untracked 
| 121|0x0000000708500000, 0x0000000708500000, 0x0000000708600000|  0%| F|  |TAMS 0x0000000708500000, 0x0000000708500000| Untracked 
| 122|0x0000000708600000, 0x0000000708600000, 0x0000000708700000|  0%| F|  |TAMS 0x0000000708600000, 0x0000000708600000| Untracked 
| 123|0x0000000708700000, 0x0000000708700000, 0x0000000708800000|  0%| F|  |TAMS 0x0000000708700000, 0x0000000708700000| Untracked 
| 124|0x0000000708800000, 0x0000000708800000, 0x0000000708900000|  0%| F|  |TAMS 0x0000000708800000, 0x0000000708800000| Untracked 
| 125|0x0000000708900000, 0x0000000708900000, 0x0000000708a00000|  0%| F|  |TAMS 0x0000000708900000, 0x0000000708900000| Untracked 
| 126|0x0000000708a00000, 0x0000000708a00000, 0x0000000708b00000|  0%| F|  |TAMS 0x0000000708a00000, 0x0000000708a00000| Untracked 
| 127|0x0000000708b00000, 0x0000000708b00000, 0x0000000708c00000|  0%| F|  |TAMS 0x0000000708b00000, 0x0000000708b00000| Untracked 
| 128|0x0000000708c00000, 0x0000000708c00000, 0x0000000708d00000|  0%| F|  |TAMS 0x0000000708c00000, 0x0000000708c00000| Untracked 
| 129|0x0000000708d00000, 0x0000000708d00000, 0x0000000708e00000|  0%| F|  |TAMS 0x0000000708d00000, 0x0000000708d00000| Untracked 
| 130|0x0000000708e00000, 0x0000000708e00000, 0x0000000708f00000|  0%| F|  |TAMS 0x0000000708e00000, 0x0000000708e00000| Untracked 
| 131|0x0000000708f00000, 0x0000000708f00000, 0x0000000709000000|  0%| F|  |TAMS 0x0000000708f00000, 0x0000000708f00000| Untracked 
| 132|0x0000000709000000, 0x0000000709000000, 0x0000000709100000|  0%| F|  |TAMS 0x0000000709000000, 0x0000000709000000| Untracked 
| 133|0x0000000709100000, 0x0000000709100000, 0x0000000709200000|  0%| F|  |TAMS 0x0000000709100000, 0x0000000709100000| Untracked 
| 134|0x0000000709200000, 0x0000000709200000, 0x0000000709300000|  0%| F|  |TAMS 0x0000000709200000, 0x0000000709200000| Untracked 
| 135|0x0000000709300000, 0x0000000709300000, 0x0000000709400000|  0%| F|  |TAMS 0x0000000709300000, 0x0000000709300000| Untracked 
| 136|0x0000000709400000, 0x0000000709400000, 0x0000000709500000|  0%| F|  |TAMS 0x0000000709400000, 0x0000000709400000| Untracked 
| 137|0x0000000709500000, 0x0000000709500000, 0x0000000709600000|  0%| F|  |TAMS 0x0000000709500000, 0x0000000709500000| Untracked 
| 138|0x0000000709600000, 0x0000000709600000, 0x0000000709700000|  0%| F|  |TAMS 0x0000000709600000, 0x0000000709600000| Untracked 
| 139|0x0000000709700000, 0x0000000709700000, 0x0000000709800000|  0%| F|  |TAMS 0x0000000709700000, 0x0000000709700000| Untracked 
| 140|0x0000000709800000, 0x0000000709800000, 0x0000000709900000|  0%| F|  |TAMS 0x0000000709800000, 0x0000000709800000| Untracked 
| 141|0x0000000709900000, 0x0000000709900000, 0x0000000709a00000|  0%| F|  |TAMS 0x0000000709900000, 0x0000000709900000| Untracked 
| 142|0x0000000709a00000, 0x0000000709a00000, 0x0000000709b00000|  0%| F|  |TAMS 0x0000000709a00000, 0x0000000709a00000| Untracked 
| 143|0x0000000709b00000, 0x0000000709b00000, 0x0000000709c00000|  0%| F|  |TAMS 0x0000000709b00000, 0x0000000709b00000| Untracked 
| 144|0x0000000709c00000, 0x0000000709c00000, 0x0000000709d00000|  0%| F|  |TAMS 0x0000000709c00000, 0x0000000709c00000| Untracked 
| 145|0x0000000709d00000, 0x0000000709d00000, 0x0000000709e00000|  0%| F|  |TAMS 0x0000000709d00000, 0x0000000709d00000| Untracked 
| 146|0x0000000709e00000, 0x0000000709e00000, 0x0000000709f00000|  0%| F|  |TAMS 0x0000000709e00000, 0x0000000709e00000| Untracked 
| 147|0x0000000709f00000, 0x0000000709f00000, 0x000000070a000000|  0%| F|  |TAMS 0x0000000709f00000, 0x0000000709f00000| Untracked 
| 148|0x000000070a000000, 0x000000070a000000, 0x000000070a100000|  0%| F|  |TAMS 0x000000070a000000, 0x000000070a000000| Untracked 
| 149|0x000000070a100000, 0x000000070a100000, 0x000000070a200000|  0%| F|  |TAMS 0x000000070a100000, 0x000000070a100000| Untracked 
| 150|0x000000070a200000, 0x000000070a200000, 0x000000070a300000|  0%| F|  |TAMS 0x000000070a200000, 0x000000070a200000| Untracked 
| 151|0x000000070a300000, 0x000000070a300000, 0x000000070a400000|  0%| F|  |TAMS 0x000000070a300000, 0x000000070a300000| Untracked 
| 152|0x000000070a400000, 0x000000070a400000, 0x000000070a500000|  0%| F|  |TAMS 0x000000070a400000, 0x000000070a400000| Untracked 
| 153|0x000000070a500000, 0x000000070a500000, 0x000000070a600000|  0%| F|  |TAMS 0x000000070a500000, 0x000000070a500000| Untracked 
| 154|0x000000070a600000, 0x000000070a600000, 0x000000070a700000|  0%| F|  |TAMS 0x000000070a600000, 0x000000070a600000| Untracked 
| 155|0x000000070a700000, 0x000000070a700000, 0x000000070a800000|  0%| F|  |TAMS 0x000000070a700000, 0x000000070a700000| Untracked 
| 156|0x000000070a800000, 0x000000070a800000, 0x000000070a900000|  0%| F|  |TAMS 0x000000070a800000, 0x000000070a800000| Untracked 
| 157|0x000000070a900000, 0x000000070a900000, 0x000000070aa00000|  0%| F|  |TAMS 0x000000070a900000, 0x000000070a900000| Untracked 
| 158|0x000000070aa00000, 0x000000070aa00000, 0x000000070ab00000|  0%| F|  |TAMS 0x000000070aa00000, 0x000000070aa00000| Untracked 
| 159|0x000000070ab00000, 0x000000070ab00000, 0x000000070ac00000|  0%| F|  |TAMS 0x000000070ab00000, 0x000000070ab00000| Untracked 
| 160|0x000000070ac00000, 0x000000070ac00000, 0x000000070ad00000|  0%| F|  |TAMS 0x000000070ac00000, 0x000000070ac00000| Untracked 
| 161|0x000000070ad00000, 0x000000070ad00000, 0x000000070ae00000|  0%| F|  |TAMS 0x000000070ad00000, 0x000000070ad00000| Untracked 
| 162|0x000000070ae00000, 0x000000070ae00000, 0x000000070af00000|  0%| F|  |TAMS 0x000000070ae00000, 0x000000070ae00000| Untracked 
| 163|0x000000070af00000, 0x000000070af00000, 0x000000070b000000|  0%| F|  |TAMS 0x000000070af00000, 0x000000070af00000| Untracked 
| 164|0x000000070b000000, 0x000000070b000000, 0x000000070b100000|  0%| F|  |TAMS 0x000000070b000000, 0x000000070b000000| Untracked 
| 165|0x000000070b100000, 0x000000070b100000, 0x000000070b200000|  0%| F|  |TAMS 0x000000070b100000, 0x000000070b100000| Untracked 
| 166|0x000000070b200000, 0x000000070b200000, 0x000000070b300000|  0%| F|  |TAMS 0x000000070b200000, 0x000000070b200000| Untracked 
| 167|0x000000070b300000, 0x000000070b300000, 0x000000070b400000|  0%| F|  |TAMS 0x000000070b300000, 0x000000070b300000| Untracked 
| 168|0x000000070b400000, 0x000000070b400000, 0x000000070b500000|  0%| F|  |TAMS 0x000000070b400000, 0x000000070b400000| Untracked 
| 169|0x000000070b500000, 0x000000070b500000, 0x000000070b600000|  0%| F|  |TAMS 0x000000070b500000, 0x000000070b500000| Untracked 
| 170|0x000000070b600000, 0x000000070b600000, 0x000000070b700000|  0%| F|  |TAMS 0x000000070b600000, 0x000000070b600000| Untracked 
| 171|0x000000070b700000, 0x000000070b700000, 0x000000070b800000|  0%| F|  |TAMS 0x000000070b700000, 0x000000070b700000| Untracked 
| 172|0x000000070b800000, 0x000000070b800000, 0x000000070b900000|  0%| F|  |TAMS 0x000000070b800000, 0x000000070b800000| Untracked 
| 173|0x000000070b900000, 0x000000070b900000, 0x000000070ba00000|  0%| F|  |TAMS 0x000000070b900000, 0x000000070b900000| Untracked 
| 174|0x000000070ba00000, 0x000000070ba00000, 0x000000070bb00000|  0%| F|  |TAMS 0x000000070ba00000, 0x000000070ba00000| Untracked 
| 175|0x000000070bb00000, 0x000000070bb00000, 0x000000070bc00000|  0%| F|  |TAMS 0x000000070bb00000, 0x000000070bb00000| Untracked 
| 176|0x000000070bc00000, 0x000000070bc00000, 0x000000070bd00000|  0%| F|  |TAMS 0x000000070bc00000, 0x000000070bc00000| Untracked 
| 177|0x000000070bd00000, 0x000000070bd00000, 0x000000070be00000|  0%| F|  |TAMS 0x000000070bd00000, 0x000000070bd00000| Untracked 
| 178|0x000000070be00000, 0x000000070be00000, 0x000000070bf00000|  0%| F|  |TAMS 0x000000070be00000, 0x000000070be00000| Untracked 
| 179|0x000000070bf00000, 0x000000070bf00000, 0x000000070c000000|  0%| F|  |TAMS 0x000000070bf00000, 0x000000070bf00000| Untracked 
| 180|0x000000070c000000, 0x000000070c000000, 0x000000070c100000|  0%| F|  |TAMS 0x000000070c000000, 0x000000070c000000| Untracked 
| 181|0x000000070c100000, 0x000000070c100000, 0x000000070c200000|  0%| F|  |TAMS 0x000000070c100000, 0x000000070c100000| Untracked 
| 182|0x000000070c200000, 0x000000070c200000, 0x000000070c300000|  0%| F|  |TAMS 0x000000070c200000, 0x000000070c200000| Untracked 
| 183|0x000000070c300000, 0x000000070c300000, 0x000000070c400000|  0%| F|  |TAMS 0x000000070c300000, 0x000000070c300000| Untracked 
| 184|0x000000070c400000, 0x000000070c400000, 0x000000070c500000|  0%| F|  |TAMS 0x000000070c400000, 0x000000070c400000| Untracked 
| 185|0x000000070c500000, 0x000000070c500000, 0x000000070c600000|  0%| F|  |TAMS 0x000000070c500000, 0x000000070c500000| Untracked 
| 186|0x000000070c600000, 0x000000070c600000, 0x000000070c700000|  0%| F|  |TAMS 0x000000070c600000, 0x000000070c600000| Untracked 
| 187|0x000000070c700000, 0x000000070c700000, 0x000000070c800000|  0%| F|  |TAMS 0x000000070c700000, 0x000000070c700000| Untracked 
| 188|0x000000070c800000, 0x000000070c800000, 0x000000070c900000|  0%| F|  |TAMS 0x000000070c800000, 0x000000070c800000| Untracked 
| 189|0x000000070c900000, 0x000000070c900000, 0x000000070ca00000|  0%| F|  |TAMS 0x000000070c900000, 0x000000070c900000| Untracked 
| 190|0x000000070ca00000, 0x000000070ca00000, 0x000000070cb00000|  0%| F|  |TAMS 0x000000070ca00000, 0x000000070ca00000| Untracked 
| 191|0x000000070cb00000, 0x000000070cb00000, 0x000000070cc00000|  0%| F|  |TAMS 0x000000070cb00000, 0x000000070cb00000| Untracked 
| 192|0x000000070cc00000, 0x000000070cc00000, 0x000000070cd00000|  0%| F|  |TAMS 0x000000070cc00000, 0x000000070cc00000| Untracked 
| 193|0x000000070cd00000, 0x000000070cd00000, 0x000000070ce00000|  0%| F|  |TAMS 0x000000070cd00000, 0x000000070cd00000| Untracked 
| 194|0x000000070ce00000, 0x000000070ce00000, 0x000000070cf00000|  0%| F|  |TAMS 0x000000070ce00000, 0x000000070ce00000| Untracked 
| 195|0x000000070cf00000, 0x000000070cf00000, 0x000000070d000000|  0%| F|  |TAMS 0x000000070cf00000, 0x000000070cf00000| Untracked 
| 196|0x000000070d000000, 0x000000070d000000, 0x000000070d100000|  0%| F|  |TAMS 0x000000070d000000, 0x000000070d000000| Untracked 
| 197|0x000000070d100000, 0x000000070d100000, 0x000000070d200000|  0%| F|  |TAMS 0x000000070d100000, 0x000000070d100000| Untracked 
| 198|0x000000070d200000, 0x000000070d200000, 0x000000070d300000|  0%| F|  |TAMS 0x000000070d200000, 0x000000070d200000| Untracked 
| 199|0x000000070d300000, 0x000000070d300000, 0x000000070d400000|  0%| F|  |TAMS 0x000000070d300000, 0x000000070d300000| Untracked 
| 200|0x000000070d400000, 0x000000070d400000, 0x000000070d500000|  0%| F|  |TAMS 0x000000070d400000, 0x000000070d400000| Untracked 
| 201|0x000000070d500000, 0x000000070d500000, 0x000000070d600000|  0%| F|  |TAMS 0x000000070d500000, 0x000000070d500000| Untracked 
| 202|0x000000070d600000, 0x000000070d600000, 0x000000070d700000|  0%| F|  |TAMS 0x000000070d600000, 0x000000070d600000| Untracked 
| 203|0x000000070d700000, 0x000000070d700000, 0x000000070d800000|  0%| F|  |TAMS 0x000000070d700000, 0x000000070d700000| Untracked 
| 204|0x000000070d800000, 0x000000070d800000, 0x000000070d900000|  0%| F|  |TAMS 0x000000070d800000, 0x000000070d800000| Untracked 
| 205|0x000000070d900000, 0x000000070d900000, 0x000000070da00000|  0%| F|  |TAMS 0x000000070d900000, 0x000000070d900000| Untracked 
| 206|0x000000070da00000, 0x000000070da00000, 0x000000070db00000|  0%| F|  |TAMS 0x000000070da00000, 0x000000070da00000| Untracked 
| 207|0x000000070db00000, 0x000000070db00000, 0x000000070dc00000|  0%| F|  |TAMS 0x000000070db00000, 0x000000070db00000| Untracked 
| 208|0x000000070dc00000, 0x000000070dc00000, 0x000000070dd00000|  0%| F|  |TAMS 0x000000070dc00000, 0x000000070dc00000| Untracked 
| 209|0x000000070dd00000, 0x000000070dd00000, 0x000000070de00000|  0%| F|  |TAMS 0x000000070dd00000, 0x000000070dd00000| Untracked 
| 210|0x000000070de00000, 0x000000070de00000, 0x000000070df00000|  0%| F|  |TAMS 0x000000070de00000, 0x000000070de00000| Untracked 
| 211|0x000000070df00000, 0x000000070df00000, 0x000000070e000000|  0%| F|  |TAMS 0x000000070df00000, 0x000000070df00000| Untracked 
| 212|0x000000070e000000, 0x000000070e000000, 0x000000070e100000|  0%| F|  |TAMS 0x000000070e000000, 0x000000070e000000| Untracked 
| 213|0x000000070e100000, 0x000000070e100000, 0x000000070e200000|  0%| F|  |TAMS 0x000000070e100000, 0x000000070e100000| Untracked 
| 214|0x000000070e200000, 0x000000070e200000, 0x000000070e300000|  0%| F|  |TAMS 0x000000070e200000, 0x000000070e200000| Untracked 
| 215|0x000000070e300000, 0x000000070e300000, 0x000000070e400000|  0%| F|  |TAMS 0x000000070e300000, 0x000000070e300000| Untracked 
| 216|0x000000070e400000, 0x000000070e400000, 0x000000070e500000|  0%| F|  |TAMS 0x000000070e400000, 0x000000070e400000| Untracked 
| 217|0x000000070e500000, 0x000000070e500000, 0x000000070e600000|  0%| F|  |TAMS 0x000000070e500000, 0x000000070e500000| Untracked 
| 218|0x000000070e600000, 0x000000070e600000, 0x000000070e700000|  0%| F|  |TAMS 0x000000070e600000, 0x000000070e600000| Untracked 
| 219|0x000000070e700000, 0x000000070e700000, 0x000000070e800000|  0%| F|  |TAMS 0x000000070e700000, 0x000000070e700000| Untracked 
| 220|0x000000070e800000, 0x000000070e800000, 0x000000070e900000|  0%| F|  |TAMS 0x000000070e800000, 0x000000070e800000| Untracked 
| 221|0x000000070e900000, 0x000000070e900000, 0x000000070ea00000|  0%| F|  |TAMS 0x000000070e900000, 0x000000070e900000| Untracked 
| 222|0x000000070ea00000, 0x000000070ea00000, 0x000000070eb00000|  0%| F|  |TAMS 0x000000070ea00000, 0x000000070ea00000| Untracked 
| 223|0x000000070eb00000, 0x000000070eb00000, 0x000000070ec00000|  0%| F|  |TAMS 0x000000070eb00000, 0x000000070eb00000| Untracked 
| 224|0x000000070ec00000, 0x000000070ec00000, 0x000000070ed00000|  0%| F|  |TAMS 0x000000070ec00000, 0x000000070ec00000| Untracked 
| 225|0x000000070ed00000, 0x000000070ed00000, 0x000000070ee00000|  0%| F|  |TAMS 0x000000070ed00000, 0x000000070ed00000| Untracked 
| 226|0x000000070ee00000, 0x000000070ee00000, 0x000000070ef00000|  0%| F|  |TAMS 0x000000070ee00000, 0x000000070ee00000| Untracked 
| 227|0x000000070ef00000, 0x000000070ef00000, 0x000000070f000000|  0%| F|  |TAMS 0x000000070ef00000, 0x000000070ef00000| Untracked 
| 228|0x000000070f000000, 0x000000070f000000, 0x000000070f100000|  0%| F|  |TAMS 0x000000070f000000, 0x000000070f000000| Untracked 
| 229|0x000000070f100000, 0x000000070f1ee160, 0x000000070f200000| 93%| S|CS|TAMS 0x000000070f100000, 0x000000070f100000| Complete 
| 230|0x000000070f200000, 0x000000070f300000, 0x000000070f300000|100%| S|CS|TAMS 0x000000070f200000, 0x000000070f200000| Complete 
| 231|0x000000070f300000, 0x000000070f400000, 0x000000070f400000|100%| S|CS|TAMS 0x000000070f300000, 0x000000070f300000| Complete 
| 232|0x000000070f400000, 0x000000070f400000, 0x000000070f500000|  0%| F|  |TAMS 0x000000070f400000, 0x000000070f400000| Untracked 
| 233|0x000000070f500000, 0x000000070f500000, 0x000000070f600000|  0%| F|  |TAMS 0x000000070f500000, 0x000000070f500000| Untracked 
| 234|0x000000070f600000, 0x000000070f600000, 0x000000070f700000|  0%| F|  |TAMS 0x000000070f600000, 0x000000070f600000| Untracked 
| 235|0x000000070f700000, 0x000000070f700000, 0x000000070f800000|  0%| F|  |TAMS 0x000000070f700000, 0x000000070f700000| Untracked 
| 236|0x000000070f800000, 0x000000070f800000, 0x000000070f900000|  0%| F|  |TAMS 0x000000070f800000, 0x000000070f800000| Untracked 
| 237|0x000000070f900000, 0x000000070f900000, 0x000000070fa00000|  0%| F|  |TAMS 0x000000070f900000, 0x000000070f900000| Untracked 
| 238|0x000000070fa00000, 0x000000070fa00000, 0x000000070fb00000|  0%| F|  |TAMS 0x000000070fa00000, 0x000000070fa00000| Untracked 
| 239|0x000000070fb00000, 0x000000070fb00000, 0x000000070fc00000|  0%| F|  |TAMS 0x000000070fb00000, 0x000000070fb00000| Untracked 
| 240|0x000000070fc00000, 0x000000070fc00000, 0x000000070fd00000|  0%| F|  |TAMS 0x000000070fc00000, 0x000000070fc00000| Untracked 
| 241|0x000000070fd00000, 0x000000070fd00800, 0x000000070fe00000|  0%| E|  |TAMS 0x000000070fd00000, 0x000000070fd00000| Complete 
| 242|0x000000070fe00000, 0x000000070ff00000, 0x000000070ff00000|100%| E|CS|TAMS 0x000000070fe00000, 0x000000070fe00000| Complete 
| 243|0x000000070ff00000, 0x0000000710000000, 0x0000000710000000|100%| E|CS|TAMS 0x000000070ff00000, 0x000000070ff00000| Complete 
| 244|0x0000000710000000, 0x0000000710100000, 0x0000000710100000|100%| E|CS|TAMS 0x0000000710000000, 0x0000000710000000| Complete 
| 245|0x0000000710100000, 0x0000000710200000, 0x0000000710200000|100%| E|CS|TAMS 0x0000000710100000, 0x0000000710100000| Complete 
| 246|0x0000000710200000, 0x0000000710300000, 0x0000000710300000|100%| E|CS|TAMS 0x0000000710200000, 0x0000000710200000| Complete 
| 247|0x0000000710300000, 0x0000000710400000, 0x0000000710400000|100%| E|CS|TAMS 0x0000000710300000, 0x0000000710300000| Complete 
| 248|0x0000000710400000, 0x0000000710500000, 0x0000000710500000|100%| E|CS|TAMS 0x0000000710400000, 0x0000000710400000| Complete 
| 249|0x0000000710500000, 0x0000000710600000, 0x0000000710600000|100%| E|CS|TAMS 0x0000000710500000, 0x0000000710500000| Complete 
| 250|0x0000000710600000, 0x0000000710700000, 0x0000000710700000|100%| E|CS|TAMS 0x0000000710600000, 0x0000000710600000| Complete 
| 251|0x0000000710700000, 0x0000000710800000, 0x0000000710800000|100%| E|CS|TAMS 0x0000000710700000, 0x0000000710700000| Complete 
| 252|0x0000000710800000, 0x0000000710900000, 0x0000000710900000|100%| E|CS|TAMS 0x0000000710800000, 0x0000000710800000| Complete 
| 253|0x0000000710900000, 0x0000000710a00000, 0x0000000710a00000|100%| E|CS|TAMS 0x0000000710900000, 0x0000000710900000| Complete 
| 254|0x0000000710a00000, 0x0000000710b00000, 0x0000000710b00000|100%| E|CS|TAMS 0x0000000710a00000, 0x0000000710a00000| Complete 
| 255|0x0000000710b00000, 0x0000000710c00000, 0x0000000710c00000|100%| E|CS|TAMS 0x0000000710b00000, 0x0000000710b00000| Complete 

Card table byte_map: [0x000001632c440000,0x000001632cc40000] _byte_map_base: 0x0000016328c3a000

Marking Bits (Prev, Next): (CMBitMap*) 0x000001631433ee78, (CMBitMap*) 0x000001631433eeb8
 Prev Bits: [0x000001632d440000, 0x0000016331410000)
 Next Bits: [0x0000016331410000, 0x00000163353e0000)

Polling page: 0x0000016311fb0000

Metaspace:

Usage:
  Non-class:      9.54 MB capacity,     9.32 MB ( 98%) used,   188.18 KB (  2%) free+waste,    30.19 KB ( <1%) overhead. 
      Class:      1.34 MB capacity,     1.17 MB ( 88%) used,   154.42 KB ( 11%) free+waste,    16.94 KB (  1%) overhead. 
       Both:     10.88 MB capacity,    10.50 MB ( 97%) used,   342.60 KB (  3%) free+waste,    47.13 KB ( <1%) overhead. 

Virtual space:
  Non-class space:       10.00 MB reserved,       9.75 MB ( 98%) committed 
      Class space:        1.00 GB reserved,       1.38 MB ( <1%) committed 
             Both:        1.01 GB reserved,      11.13 MB (  1%) committed 

Chunk freelists:
   Non-Class:  3.38 KB
       Class:  384 bytes
        Both:  3.75 KB

CodeHeap 'non-profiled nmethods': size=120000Kb used=1135Kb max_used=1461Kb free=118864Kb
 bounds [0x00000163241b0000, 0x0000016324420000, 0x000001632b6e0000]
CodeHeap 'profiled nmethods': size=120000Kb used=3331Kb max_used=4236Kb free=116668Kb
 bounds [0x000001631cc80000, 0x000001631d0b0000, 0x00000163241b0000]
CodeHeap 'non-nmethods': size=5760Kb used=1247Kb max_used=1296Kb free=4512Kb
 bounds [0x000001631c6e0000, 0x000001631c950000, 0x000001631cc80000]
 total_blobs=3388 nmethods=1856 adapters=520
 compilation: enabled
              stopped_count=0, restarted_count=0
 full_count=0

Compilation events (10 events):
Event: 4235.060 Thread 0x0000016338a63800 nmethod 2192 0x000001631cc83290 code [0x000001631cc83440, 0x000001631cc83678]
Event: 4235.060 Thread 0x0000016338a63800 2193       3       java.awt.Color::getGreen (12 bytes)
Event: 4235.060 Thread 0x0000016338a63800 nmethod 2193 0x000001631cc82e10 code [0x000001631cc82fc0, 0x000001631cc831f8]
Event: 4235.060 Thread 0x0000016338a63800 2194       3       java.awt.Color::getBlue (11 bytes)
Event: 4235.060 Thread 0x0000016338a63800 nmethod 2194 0x000001631cc94290 code [0x000001631cc94440, 0x000001631cc94678]
Event: 4235.061 Thread 0x0000016338a3d000 nmethod 2195 0x000001632420ac90 code [0x000001632420ae20, 0x000001632420b038]
Event: 4235.063 Thread 0x0000016338a3d000 2196       4       java.util.concurrent.locks.ReentrantLock$Sync::nonfairTryAcquire (67 bytes)
Event: 4235.065 Thread 0x0000016338a3d000 nmethod 2196 0x000001632420a890 code [0x000001632420aa20, 0x000001632420abd8]
Event: 4235.065 Thread 0x0000016338a3d000 2197       4       java.awt.geom.AffineTransform::getScaleInstance (19 bytes)
Event: 4235.067 Thread 0x0000016338a3d000 nmethod 2197 0x000001632420a490 code [0x000001632420a660, 0x000001632420a7b8]

GC Heap History (2 events):
Event: 306.950 GC heap before
{Heap before GC invocations=0 (full 0):
 garbage-first heap   total 262144K, used 24576K [0x0000000700c00000, 0x0000000800000000)
  region size 1024K, 24 young (24576K), 0 survivors (0K)
 Metaspace       used 10655K, capacity 11010K, committed 11136K, reserved 1058816K
  class space    used 1201K, capacity 1373K, committed 1408K, reserved 1048576K
}
Event: 306.954 GC heap after
{Heap after GC invocations=1 (full 0):
 garbage-first heap   total 262144K, used 3000K [0x0000000700c00000, 0x0000000800000000)
  region size 1024K, 3 young (3072K), 3 survivors (3072K)
 Metaspace       used 10655K, capacity 11010K, committed 11136K, reserved 1058816K
  class space    used 1201K, capacity 1373K, committed 1408K, reserved 1048576K
}

Deoptimization events (10 events):
Event: 307.085 Thread 0x0000016339357000 Uncommon trap: reason=unstable_if action=reinterpret pc=0x00000163242ae69c method=java.lang.ref.SoftReference.get()Ljava/lang/Object; @ 17 c2
Event: 318.613 Thread 0x0000016339357000 Uncommon trap: reason=unstable_if action=reinterpret pc=0x00000163242c370c method=sun.awt.GlobalCursorManager._updateCursor(Z)V @ 37 c2
Event: 484.087 Thread 0x000001634077b800 Uncommon trap: reason=class_check action=make_not_entrant pc=0x000001632430ee70 method=java.util.ArrayList.toArray([Ljava/lang/Object;)[Ljava/lang/Object; @ 21 c2
Event: 3320.504 Thread 0x0000016339024800 Uncommon trap: reason=unstable_if action=reinterpret pc=0x00000163242b2828 method=sun.awt.windows.WWindowPeer.preprocessPostEvent(Ljava/awt/AWTEvent;)V @ 4 c2
Event: 3320.504 Thread 0x0000016339024800 Uncommon trap: reason=unstable_if action=reinterpret pc=0x00000163242c96a8 method=sun.awt.windows.WWindowPeer.preprocessPostEvent(Ljava/awt/AWTEvent;)V @ 4 c2
Event: 3322.392 Thread 0x0000016339357000 Uncommon trap: reason=unstable_if action=reinterpret pc=0x00000163242c5adc method=sun.awt.PostEventQueue.flush()V @ 23 c2
Event: 3436.175 Thread 0x0000016339357000 Uncommon trap: reason=unstable_if action=reinterpret pc=0x00000163242aa6ac method=java.awt.Container$MouseEventTargetFilter.accept(Ljava/awt/Component;)Z @ 10 c2
Event: 3436.176 Thread 0x0000016339357000 Uncommon trap: reason=unstable_if action=reinterpret pc=0x00000163242c0a2c method=java.awt.Component.eventTypeEnabled(I)Z @ 316 c2
Event: 3451.491 Thread 0x0000016339357000 Uncommon trap: reason=unstable_if action=reinterpret pc=0x00000163242b7c8c method=sun.awt.GlobalCursorManager._updateCursor(Z)V @ 37 c2
Event: 4128.347 Thread 0x0000016339357000 Uncommon trap: reason=unstable_if action=reinterpret pc=0x0000016324271aec method=java.awt.Container.findComponentAtImpl(IIZ)Ljava/awt/Component; @ 6 c2

Classes redefined (0 events):
No events

Internal exceptions (10 events):
Event: 0.151 Thread 0x00000163142d7800 Exception <a 'java/lang/NoSuchMethodError'{0x00000007108b3060}: java.lang.invoke.DirectMethodHandle$Holder.invokeSpecial(Ljava/lang/Object;Ljava/lang/Object;ILjava/lang/Object;Ljava/lang/Object;Ljava/lang/Object;)Ljava/lang/Object;> (0x00000007108b3060) t
Event: 0.171 Thread 0x00000163142d7800 Exception <a 'java/lang/ClassNotFoundException'{0x0000000710774fa8}: com/sun/swing/internal/plaf/metal/resources/spi/metalProvider> (0x0000000710774fa8) thrown at [t:/workspace/open/src/hotspot/share/classfile/systemDictionary.cpp, line 235]
Event: 0.171 Thread 0x00000163142d7800 Exception <a 'java/lang/ClassNotFoundException'{0x0000000710779250}: com/sun/swing/internal/plaf/basic/resources/spi/basicProvider> (0x0000000710779250) thrown at [t:/workspace/open/src/hotspot/share/classfile/systemDictionary.cpp, line 235]
Event: 0.381 Thread 0x00000163142d7800 Exception <a 'java/lang/NoSuchMethodError'{0x000000071021a338}: java.lang.invoke.DirectMethodHandle$Holder.invokeStaticInit(Ljava/lang/Object;)V> (0x000000071021a338) thrown at [t:/workspace/open/src/hotspot/share/interpreter/linkResolver.cpp, line 777]
Event: 0.385 Thread 0x00000163142d7800 Exception <a 'java/lang/NoSuchMethodError'{0x00000007102449d0}: java.lang.invoke.Invokers$Holder.linkToTargetMethod(Ljava/lang/Object;ILjava/lang/Object;)Ljava/lang/Object;> (0x00000007102449d0) thrown at [t:/workspace/open/src/hotspot/share/interpreter/l
Event: 286.667 Thread 0x0000016339357000 Implicit null exception at 0x00000163241f66e0 to 0x00000163241f6740
Event: 288.251 Thread 0x0000016339357000 Implicit null exception at 0x0000016324236efc to 0x0000016324237096
Event: 290.471 Thread 0x0000016339357000 Implicit null exception at 0x000001632429645c to 0x00000163242989ee
Event: 318.613 Thread 0x0000016339357000 Implicit null exception at 0x00000163242c2d6b to 0x00000163242c36fa
Event: 3451.491 Thread 0x0000016339357000 Implicit null exception at 0x00000163242b491f to 0x00000163242b7c66

Events (10 events):
Event: 4242.508 Thread 0x0000016340996800 Thread added: 0x0000016340996800
Event: 4242.508 Thread 0x000001638068c800 Thread exited: 0x000001638068c800
Event: 4242.510 Executing VM operation: RevokeBias
Event: 4242.510 Executing VM operation: RevokeBias done
Event: 4242.510 Thread 0x000001634077b800 Thread exited: 0x000001634077b800
Event: 4242.530 Executing VM operation: RevokeBias
Event: 4242.530 Executing VM operation: RevokeBias done
Event: 4242.530 Thread 0x0000016339024800 Thread exited: 0x0000016339024800
Event: 4242.612 Thread 0x0000016340996800 Thread exited: 0x0000016340996800
Event: 4242.612 Executing VM operation: Exit


Dynamic libraries:
0x00007ff6c7540000 - 0x00007ff6c754f000 	C:\Program Files\Java\jdk-12.0.1\bin\java.exe
0x00007ffaeaea0000 - 0x00007ffaeb08d000 	C:\Windows\SYSTEM32\ntdll.dll
0x00007ffaea5d0000 - 0x00007ffaea683000 	C:\Windows\System32\KERNEL32.DLL
0x00007ffae6f70000 - 0x00007ffae7203000 	C:\Windows\System32\KERNELBASE.dll
0x00007ffae73b0000 - 0x00007ffae74aa000 	C:\Windows\System32\ucrtbase.dll
0x00007ffac8d80000 - 0x00007ffac8d98000 	C:\Program Files\Java\jdk-12.0.1\bin\jli.dll
0x00007ffad6a00000 - 0x00007ffad6a16000 	C:\Program Files\Java\jdk-12.0.1\bin\VCRUNTIME140.dll
0x00007ffaeac60000 - 0x00007ffaead03000 	C:\Windows\System32\ADVAPI32.dll
0x00007ffaea700000 - 0x00007ffaea79e000 	C:\Windows\System32\msvcrt.dll
0x00007ffae82b0000 - 0x00007ffae834e000 	C:\Windows\System32\sechost.dll
0x00007ffae85b0000 - 0x00007ffae86d2000 	C:\Windows\System32\RPCRT4.dll
0x00007ffaea260000 - 0x00007ffaea3f7000 	C:\Windows\System32\USER32.dll
0x00007ffae7390000 - 0x00007ffae73b0000 	C:\Windows\System32\win32u.dll
0x00007ffadaf30000 - 0x00007ffadb1a9000 	C:\Windows\WinSxS\amd64_microsoft.windows.common-controls_6595b64144ccf1df_6.0.17763.437_none_05b63dca071e5dd6\COMCTL32.dll
0x00007ffae8350000 - 0x00007ffae8379000 	C:\Windows\System32\GDI32.dll
0x00007ffae74b0000 - 0x00007ffae764a000 	C:\Windows\System32\gdi32full.dll
0x00007ffaea930000 - 0x00007ffaeac5c000 	C:\Windows\System32\combase.dll
0x00007ffae72f0000 - 0x00007ffae7390000 	C:\Windows\System32\msvcp_win.dll
0x00007ffae7210000 - 0x00007ffae728e000 	C:\Windows\System32\bcryptPrimitives.dll
0x00007ffade0a0000 - 0x00007ffade0aa000 	C:\Windows\SYSTEM32\VERSION.dll
0x00007ffae80d0000 - 0x00007ffae80fe000 	C:\Windows\System32\IMM32.DLL
0x00007ffab86b0000 - 0x00007ffab875a000 	C:\Program Files\Java\jdk-12.0.1\bin\msvcp140.dll
0x00007ffa77c90000 - 0x00007ffa78804000 	C:\Program Files\Java\jdk-12.0.1\bin\server\jvm.dll
0x00007ffae8480000 - 0x00007ffae8488000 	C:\Windows\System32\PSAPI.DLL
0x00007ffadf4e0000 - 0x00007ffadf504000 	C:\Windows\SYSTEM32\WINMM.dll
0x00007ffad96b0000 - 0x00007ffad96b9000 	C:\Windows\SYSTEM32\WSOCK32.dll
0x00007ffaea690000 - 0x00007ffaea6fd000 	C:\Windows\System32\WS2_32.dll
0x00007ffadf4b0000 - 0x00007ffadf4dd000 	C:\Windows\SYSTEM32\WINMMBASE.dll
0x00007ffae7ea0000 - 0x00007ffae7eea000 	C:\Windows\System32\cfgmgr32.dll
0x00007ffae6f00000 - 0x00007ffae6f11000 	C:\Windows\System32\kernel.appcore.dll
0x00007ffac8290000 - 0x00007ffac82a1000 	C:\Program Files\Java\jdk-12.0.1\bin\verify.dll
0x00007ffae5810000 - 0x00007ffae59fd000 	C:\Windows\SYSTEM32\DBGHELP.DLL
0x00007ffae1b70000 - 0x00007ffae1b9a000 	C:\Windows\SYSTEM32\dbgcore.DLL
0x00007ffac5970000 - 0x00007ffac5996000 	C:\Program Files\Java\jdk-12.0.1\bin\java.dll
0x00007ffac5fd0000 - 0x00007ffac5fe7000 	C:\Program Files\Java\jdk-12.0.1\bin\zip.dll
0x00007ffae0f70000 - 0x00007ffae0f7a000 	C:\Program Files\Java\jdk-12.0.1\bin\jimage.dll
0x00007ffae87b0000 - 0x00007ffae9ca0000 	C:\Windows\System32\SHELL32.dll
0x00007ffaea870000 - 0x00007ffaea918000 	C:\Windows\System32\shcore.dll
0x00007ffae7650000 - 0x00007ffae7d9a000 	C:\Windows\System32\windows.storage.dll
0x00007ffae6f20000 - 0x00007ffae6f44000 	C:\Windows\System32\profapi.dll
0x00007ffae6ea0000 - 0x00007ffae6efd000 	C:\Windows\System32\powrprof.dll
0x00007ffae84f0000 - 0x00007ffae8542000 	C:\Windows\System32\shlwapi.dll
0x00007ffae7e80000 - 0x00007ffae7e97000 	C:\Windows\System32\cryptsp.dll
0x00007ffaa7a90000 - 0x00007ffaa7c2f000 	C:\Program Files\Java\jdk-12.0.1\bin\awt.dll
0x00007ffaea7a0000 - 0x00007ffaea864000 	C:\Windows\System32\OLEAUT32.dll
0x00007ffae4050000 - 0x00007ffae460e000 	C:\Windows\SYSTEM32\d2d1.dll
0x00007ffae4d60000 - 0x00007ffae4dec000 	C:\Windows\SYSTEM32\apphelp.dll
0x00007ffae50c0000 - 0x00007ffae515c000 	C:\Windows\system32\uxtheme.dll
0x00007ffaea400000 - 0x00007ffaea56a000 	C:\Windows\System32\MSCTF.dll
0x00007ffae53a0000 - 0x00007ffae53ce000 	C:\Windows\system32\dwmapi.dll
0x00007ffae7ef0000 - 0x00007ffae80cb000 	C:\Windows\System32\CRYPT32.dll
0x00007ffae6f50000 - 0x00007ffae6f62000 	C:\Windows\System32\MSASN1.dll
0x00007ffaead10000 - 0x00007ffaeae65000 	C:\Windows\System32\ole32.dll
0x00007ffa9fe00000 - 0x00007ffa9ff27000 	C:\Windows\system32\opengl32.dll
0x00007ffab5c50000 - 0x00007ffab5c7c000 	C:\Windows\SYSTEM32\GLU32.dll
0x00007ffade0b0000 - 0x00007ffade28c000 	C:\Windows\System32\DriverStore\FileRepository\c0340461.inf_amd64_2d68f98a8fb13eb0\B340443\aticfx64.dll
0x00007ffa9d080000 - 0x00007ffa9d0b1000 	C:\Windows\System32\DriverStore\FileRepository\c0340461.inf_amd64_2d68f98a8fb13eb0\B340443\atiu9p64.dll
0x00007ffa99f70000 - 0x00007ffa9acb6000 	C:\Windows\System32\DriverStore\FileRepository\c0340461.inf_amd64_2d68f98a8fb13eb0\B340443\atiumd64.dll
0x000000005dd10000 - 0x000000005ea08000 	C:\Windows\System32\DriverStore\FileRepository\c0340461.inf_amd64_2d68f98a8fb13eb0\B340443\atiumd6a.dll
0x00007ffadc4b0000 - 0x00007ffadc4db000 	C:\Windows\SYSTEM32\amdihk64.dll
0x00007ffab60f0000 - 0x00007ffab6170000 	C:\Program Files\Java\jdk-12.0.1\bin\freetype.dll
0x00007ffab3c10000 - 0x00007ffab3c7f000 	C:\Program Files\Java\jdk-12.0.1\bin\fontmanager.dll
0x00007ffac5650000 - 0x00007ffac5669000 	C:\Program Files\Java\jdk-12.0.1\bin\net.dll
0x00007ffae20a0000 - 0x00007ffae2276000 	C:\Windows\SYSTEM32\urlmon.dll
0x00007ffae1fa0000 - 0x00007ffae2091000 	C:\Windows\SYSTEM32\WINHTTP.dll
0x00007ffae05e0000 - 0x00007ffae0888000 	C:\Windows\SYSTEM32\iertutil.dll
0x00007ffae68f0000 - 0x00007ffae68fc000 	C:\Windows\SYSTEM32\CRYPTBASE.DLL
0x00007ffae6720000 - 0x00007ffae6787000 	C:\Windows\system32\mswsock.dll
0x00007ffac0e30000 - 0x00007ffac0e43000 	C:\Program Files\Java\jdk-12.0.1\bin\nio.dll
0x00007ffab5170000 - 0x00007ffab519d000 	C:\Program Files\Java\jdk-12.0.1\bin\javajpeg.dll
0x00007ffae86e0000 - 0x00007ffae8782000 	C:\Windows\System32\clbcatq.dll
0x00007ffade550000 - 0x00007ffade708000 	C:\Windows\SYSTEM32\WindowsCodecs.dll
0x00007ffadbcd0000 - 0x00007ffadbd65000 	C:\Windows\System32\TextInputFramework.dll
0x00007ffade710000 - 0x00007ffadea32000 	C:\Windows\System32\CoreUIComponents.dll
0x00007ffae4b50000 - 0x00007ffae4c32000 	C:\Windows\System32\CoreMessaging.dll
0x00007ffae5f60000 - 0x00007ffae5f91000 	C:\Windows\SYSTEM32\ntmarta.dll
0x00007ffae1a10000 - 0x00007ffae1b63000 	C:\Windows\SYSTEM32\wintypes.dll
0x00007ffa779b0000 - 0x00007ffa77c84000 	C:\Users\aidan\AppData\Roaming\discord\0.0.305\modules\discord_hook\151198a728\DiscordHook64.dll
0x00007ffae7290000 - 0x00007ffae72e9000 	C:\Windows\System32\WINTRUST.dll
0x00007ffae6480000 - 0x00007ffae64bd000 	C:\Windows\SYSTEM32\IPHLPAPI.DLL
0x00007ffae6dd0000 - 0x00007ffae6df8000 	C:\Windows\SYSTEM32\USERENV.dll
0x00007ffae3970000 - 0x00007ffae3dc2000 	C:\Windows\SYSTEM32\D3DCompiler_47.dll

dbghelp: loaded successfully - version: 4.0.5 - missing functions: none
symbol engine: initialized successfully - sym options: 0x614 - pdb path: .;C:\Program Files\Java\jdk-12.0.1\bin;C:\Windows\SYSTEM32;C:\Windows\WinSxS\amd64_microsoft.windows.common-controls_6595b64144ccf1df_6.0.17763.437_none_05b63dca071e5dd6;C:\Program Files\Java\jdk-12.0.1\bin\server;C:\Windows\System32\DriverStore\FileRepository\c0340461.inf_amd64_2d68f98a8fb13eb0\B340443;C:\Users\aidan\AppData\Roaming\discord\0.0.305\modules\discord_hook\151198a728

VM Arguments:
jvm_args: -Dfile.encoding=UTF-8 
java_command: CCarCrash
java_class_path (initial): C:\Users\aidan\Documents\GitHub\csy1020-2018\CSY1020-A2\bin
Launcher Type: SUN_STANDARD

[Global flags]
     intx CICompilerCount                          = 4                                         {product} {ergonomic}
     uint ConcGCThreads                            = 3                                         {product} {ergonomic}
     uint G1ConcRefinementThreads                  = 10                                        {product} {ergonomic}
   size_t G1HeapRegionSize                         = 1048576                                   {product} {ergonomic}
    uintx GCDrainStackTargetSize                   = 64                                        {product} {ergonomic}
   size_t InitialHeapSize                          = 268435456                                 {product} {ergonomic}
   size_t MarkStackSize                            = 4194304                                   {product} {ergonomic}
   size_t MaxHeapSize                              = 4282384384                                {product} {ergonomic}
   size_t MaxNewSize                               = 2569011200                                {product} {ergonomic}
   size_t MinHeapDeltaBytes                        = 1048576                                   {product} {ergonomic}
    uintx NonNMethodCodeHeapSize                   = 5836300                                {pd product} {ergonomic}
    uintx NonProfiledCodeHeapSize                  = 122910970                              {pd product} {ergonomic}
    uintx ProfiledCodeHeapSize                     = 122910970                              {pd product} {ergonomic}
    uintx ReservedCodeCacheSize                    = 251658240                              {pd product} {ergonomic}
     bool SegmentedCodeCache                       = true                                      {product} {ergonomic}
     bool UseCompressedClassPointers               = true                                 {lp64_product} {ergonomic}
     bool UseCompressedOops                        = true                                 {lp64_product} {ergonomic}
     bool UseG1GC                                  = true                                      {product} {ergonomic}
     bool UseLargePagesIndividualAllocation        = false                                  {pd product} {ergonomic}

Logging:
Log output configuration:
 #0: stdout all=warning uptime,level,tags
 #1: stderr all=off uptime,level,tags

Environment Variables:
PATH=C:\Program Files (x86)\NVIDIA Corporation\PhysX\Common;C:\Program Files (x86)\Python37-32\Scripts\;C:\Program Files (x86)\Python37-32\;C:\Program Files (x86)\Common Files\Oracle\Java\javapath;C:\Windows\system32;C:\Windows;C:\Windows\System32\Wbem;C:\Windows\System32\WindowsPowerShell\v1.0\;C:\Windows\System32\OpenSSH\;C:\Program Files\Microsoft VS Code\bin;C:\Program Files\Git\cmd;C:\Users\aidan\AppData\Local\Microsoft\WindowsApps;C:\Users\aidan\AppData\Local\GitHubDesktop\bin
USERNAME=aidan
OS=Windows_NT
PROCESSOR_IDENTIFIER=AMD64 Family 23 Model 1 Stepping 1, AuthenticAMD



---------------  S Y S T E M  ---------------

OS: Windows 10 , 64 bit Build 17763 (10.0.17763.437)

CPU:total 12 (initial active 12) (12 cores per cpu, 2 threads per core) family 23 model 1 stepping 1, cmov, cx8, fxsr, mmx, sse, sse2, sse3, ssse3, sse4.1, sse4.2, popcnt, avx, avx2, aes, clmul, mmxext, 3dnowpref, lzcnt, sse4a, ht, tsc, tscinvbit, tscinv, bmi1, bmi2, adx, sha, fma

Memory: 4k page, system-wide physical 16333M (7691M free)
TotalPageFile size 21485M (AvailPageFile size 3149M)
current process WorkingSet (physical memory assigned to process): 1133M, peak: 1136M
current process commit charge ("private bytes"): 1888M, peak: 1890M

vm_info: Java HotSpot(TM) 64-Bit Server VM (12.0.1+12) for windows-amd64 JRE (12.0.1+12), built on Apr  2 2019 14:02:19 by "mach5one" with MS VC++ 15.5 (VS2017)

END.
