#
# A fatal error has been detected by the Java Runtime Environment:
#
#  EXCEPTION_ACCESS_VIOLATION (0xc0000005) at pc=0x00007ffc0bf03c85, pid=8744, tid=1916
#
# JRE version: Java(TM) SE Runtime Environment (12.0.1+12) (build 12.0.1+12)
# Java VM: Java HotSpot(TM) 64-Bit Server VM (12.0.1+12, mixed mode, sharing, tiered, compressed oops, g1 gc, windows-amd64)
# Problematic frame:
# C  [DiscordHook64.dll+0x43c85]
#
# No core dump will be written. Minidumps are not enabled by default on client versions of Windows
#
# If you would like to submit a bug report, please visit:
#   http://bugreport.java.com/bugreport/crash.jsp
#

---------------  S U M M A R Y ------------

Command Line: -Dfile.encoding=UTF-8 CCarCrash

Host: AMD Ryzen 5 1600X Six-Core Processor           , 12 cores, 15G,  Windows 10 , 64 bit Build 17763 (10.0.17763.437)
Time: Wed May  1 19:18:46 2019 GMT Summer Time elapsed time: 64 seconds (0d 0h 1m 4s)

---------------  T H R E A D  ---------------

Current thread (0x000001f6b8035000):  VMThread "VM Thread" [stack: 0x000000d6c9700000,0x000000d6c9800000] [id=1916]

Stack: [0x000000d6c9700000,0x000000d6c9800000],  sp=0x000000d6c97feea0,  free space=1019k
Native frames: (J=compiled Java code, j=interpreted, Vv=VM code, C=native code)
C  [DiscordHook64.dll+0x43c85]


siginfo: EXCEPTION_ACCESS_VIOLATION (0xc0000005), reading address 0x00007ffc50bc1b40


Register to memory mapping:

RIP=0x00007ffc0bf03c85 DiscordHook64.dll
RAX=0x00007ffc50bc1b30 is an unknown value
RBX=0x00007ffc0c161c98 DiscordHook64.dll
RCX=0x000001f6b95a7a58 points into unknown readable memory: 30 1b bc 50 fc 7f 00 00
RDX=0x00007ffc0c16ad20 DiscordHook64.dll
RSP=0x000000d6c97feea0 points into unknown readable memory: 68 e6 f4 c3 f6 01 00 00
RBP=0x00007587bd99c513 is an unknown value
RSI=0x0 is NULL
RDI=0x0000000000000001 is an unknown value
R8 =0x00007587bd99c513 is an unknown value
R9 =0x0000000000000013 is an unknown value
R10=0x000001f6c3f4e630 points into unknown readable memory: 10 c5 39 54 95 15 e0 ff
R11=0x0000000000000246 is an unknown value
R12=0x000001f6c3f4e708 points into unknown readable memory: 13 c5 99 bd 87 75 00 00
R13=0x000001f6c3f4e630 points into unknown readable memory: 10 c5 39 54 95 15 e0 ff
R14=0x000000d6c97fef70 points into unknown readable memory: 90 ef 7f c9 d6 00 00 00
R15=0x0000000000000040 is an unknown value


Registers:
RAX=0x00007ffc50bc1b30, RBX=0x00007ffc0c161c98, RCX=0x000001f6b95a7a58, RDX=0x00007ffc0c16ad20
RSP=0x000000d6c97feea0, RBP=0x00007587bd99c513, RSI=0x0000000000000000, RDI=0x0000000000000001
R8 =0x00007587bd99c513, R9 =0x0000000000000013, R10=0x000001f6c3f4e630, R11=0x0000000000000246
R12=0x000001f6c3f4e708, R13=0x000001f6c3f4e630, R14=0x000000d6c97fef70, R15=0x0000000000000040
RIP=0x00007ffc0bf03c85, EFLAGS=0x0000000000010202

Top of Stack: (sp=0x000000d6c97feea0)
0x000000d6c97feea0:   000001f6c3f4e668 000001f600000000
0x000000d6c97feeb0:   fffffffffffffffe 0000000000000040
0x000000d6c97feec0:   000001f6c3f4e630 00007ffc0c0be438
0x000000d6c97feed0:   000001f6c3f4e660 0000000000000000
0x000000d6c97feee0:   0000000000000000 0000000000000000
0x000000d6c97feef0:   0000000000000001 00007ffc0bec0000
0x000000d6c97fef00:   000000d6ca9fe5e0 00007ffc0becd215
0x000000d6c97fef10:   000000d6c97fef70 00007ffc0c0bdfd1
0x000000d6c97fef20:   000000d6c97fefa0 000000d6c97ff040
0x000000d6c97fef30:   0000000000000001 0000000000000000
0x000000d6c97fef40:   000000d6c97ff020 00007ffc0c0be5bd
0x000000d6c97fef50:   000000d6c97ff020 0000000000000000
0x000000d6c97fef60:   000006f09c218c77 000000d6c97fefa0
0x000000d6c97fef70:   000000d6c97fef90 000000d6c97ff020
0x000000d6c97fef80:   0000000000000000 00007ffc0c0bc034
0x000000d6c97fef90:   00007ffc0c16ad20 00007ffc58aaea05 

Instructions: (pc=0x00007ffc0bf03c85)
0x00007ffc0bf03c65:   8d 5b f0 48 ff cf 48 85 c9 74 0a 48 8b 01 ff 50
0x00007ffc0bf03c75:   10 48 89 73 08 48 8b 0b 48 85 c9 74 09 48 8b 01
0x00007ffc0bf03c85:   ff 50 10 48 89 33 48 85 ff 75 d0 48 8b 5c 24 30
0x00007ffc0bf03c95:   48 8b 74 24 38 48 83 c4 20 5f c3 cc cc cc cc cc 


Stack slot to memory mapping:
stack at sp + 0 slots: 0x000001f6c3f4e668 points into unknown readable memory: 13 c5 99 bd 87 75 00 00
stack at sp + 1 slots: 0x000001f600000000 is an unknown value
stack at sp + 2 slots: 0xfffffffffffffffe is an unknown value
stack at sp + 3 slots: 0x0000000000000040 is an unknown value
stack at sp + 4 slots: 0x000001f6c3f4e630 points into unknown readable memory: 10 c5 39 54 95 15 e0 ff
stack at sp + 5 slots: 0x00007ffc0c0be438 DiscordHook64.dll
stack at sp + 6 slots: 0x000001f6c3f4e660 points into unknown readable memory: 13 c5 99 bd 87 75 00 00
stack at sp + 7 slots: 0x0 is NULL

VM_Operation (0x000000d6ca9fe5e0): Exit, mode: safepoint, requested by thread 0x000001f6b9436000


---------------  P R O C E S S  ---------------

Threads class SMR info:
_java_thread_list=0x000001f6c46f5e90, length=15, elements={
0x000001f6b8038000, 0x000001f6b8039800, 0x000001f6b8044800, 0x000001f6b88d3000,
0x000001f6b88d5800, 0x000001f6b88d8800, 0x000001f6b88de000, 0x000001f6b8a45000,
0x000001f6b8a5e000, 0x000001f6b8ef5800, 0x000001f6b8ef6800, 0x000001f6b93da800,
0x000001f6b9436000, 0x000001f694199000, 0x000001f6c4154000
}

Java Threads: ( => current thread )
  0x000001f6b8038000 JavaThread "Reference Handler" daemon [_thread_blocked, id=13172, stack(0x000000d6c9800000,0x000000d6c9900000)]
  0x000001f6b8039800 JavaThread "Finalizer" daemon [_thread_blocked, id=2712, stack(0x000000d6c9900000,0x000000d6c9a00000)]
  0x000001f6b8044800 JavaThread "Signal Dispatcher" daemon [_thread_blocked, id=2296, stack(0x000000d6c9a00000,0x000000d6c9b00000)]
  0x000001f6b88d3000 JavaThread "Attach Listener" daemon [_thread_blocked, id=7988, stack(0x000000d6c9b00000,0x000000d6c9c00000)]
  0x000001f6b88d5800 JavaThread "C2 CompilerThread0" daemon [_thread_blocked, id=9176, stack(0x000000d6c9c00000,0x000000d6c9d00000)]
  0x000001f6b88d8800 JavaThread "C1 CompilerThread0" daemon [_thread_blocked, id=3236, stack(0x000000d6c9d00000,0x000000d6c9e00000)]
  0x000001f6b88de000 JavaThread "Sweeper thread" daemon [_thread_blocked, id=13520, stack(0x000000d6c9e00000,0x000000d6c9f00000)]
  0x000001f6b8a45000 JavaThread "Service Thread" daemon [_thread_blocked, id=3892, stack(0x000000d6c9f00000,0x000000d6ca000000)]
  0x000001f6b8a5e000 JavaThread "Common-Cleaner" daemon [_thread_blocked, id=5900, stack(0x000000d6ca100000,0x000000d6ca200000)]
  0x000001f6b8ef5800 JavaThread "Java2D Disposer" daemon [_thread_blocked, id=16052, stack(0x000000d6ca200000,0x000000d6ca300000)]
  0x000001f6b8ef6800 JavaThread "AWT-Shutdown" [_thread_blocked, id=5988, stack(0x000000d6ca300000,0x000000d6ca400000)]
  0x000001f6b93da800 JavaThread "Timer-0" daemon [_thread_blocked, id=13600, stack(0x000000d6ca700000,0x000000d6ca800000)]
  0x000001f6b9436000 JavaThread "AWT-EventQueue-0" [_thread_blocked, id=12052, stack(0x000000d6ca900000,0x000000d6caa00000)]
  0x000001f694199000 JavaThread "DestroyJavaVM" [_thread_blocked, id=7632, stack(0x000000d6c9100000,0x000000d6c9200000)]
  0x000001f6c4154000 JavaThread "TimerQueue" daemon [_thread_blocked, id=14988, stack(0x000000d6cb000000,0x000000d6cb100000)]

Other Threads:
=>0x000001f6b8035000 VMThread "VM Thread" [stack: 0x000000d6c9700000,0x000000d6c9800000] [id=1916]
  0x000001f694201000 GCTaskThread "GC Thread#0" [stack: 0x000000d6c9200000,0x000000d6c9300000] [id=9716]
  0x000001f6ba66c800 GCTaskThread "GC Thread#1" [stack: 0x000000d6ca500000,0x000000d6ca600000] [id=6120]
  0x000001f6ce927800 GCTaskThread "GC Thread#2" [stack: 0x000000d6cb200000,0x000000d6cb300000] [id=8624]
  0x000001f6baaf4800 GCTaskThread "GC Thread#3" [stack: 0x000000d6cb300000,0x000000d6cb400000] [id=4776]
  0x000001f6c4a68000 GCTaskThread "GC Thread#4" [stack: 0x000000d6cb400000,0x000000d6cb500000] [id=6948]
  0x000001f6cf1d3000 GCTaskThread "GC Thread#5" [stack: 0x000000d6cb500000,0x000000d6cb600000] [id=3760]
  0x000001f69421b800 ConcurrentGCThread "G1 Main Marker" [stack: 0x000000d6c9300000,0x000000d6c9400000] [id=15132]
  0x000001f69421e000 ConcurrentGCThread "G1 Conc#0" [stack: 0x000000d6c9400000,0x000000d6c9500000] [id=10840]
  0x000001f6b7f2a800 ConcurrentGCThread "G1 Refine#0" [stack: 0x000000d6c9500000,0x000000d6c9600000] [id=13744]
  0x000001f6b7f2b800 ConcurrentGCThread "G1 Young RemSet Sampling" [stack: 0x000000d6c9600000,0x000000d6c9700000] [id=13980]

Threads with active compile tasks:

VM state:at safepoint (shutting down)

VM Mutex/Monitor currently owned by a thread:  ([mutex/lock_event])
[0x000001f694197710] Threads_lock - owner thread: 0x000001f6b8035000

Heap address: 0x0000000700c00000, size: 4084 MB, Compressed Oops mode: Zero based, Oop shift amount: 3
Narrow klass base: 0x0000000800000000, Narrow klass shift: 3
Compressed class space size: 1073741824 Address: 0x00000008011a0000

Heap:
 garbage-first heap   total 262144K, used 13972K [0x0000000700c00000, 0x0000000800000000)
  region size 1024K, 15 young (15360K), 3 survivors (3072K)
 Metaspace       used 11093K, capacity 11451K, committed 11648K, reserved 1058816K
  class space    used 1206K, capacity 1370K, committed 1408K, reserved 1048576K
Heap Regions: E=young(eden), S=young(survivor), O=old, HS=humongous(starts), HC=humongous(continues), CS=collection set, F=free, A=archive, TAMS=top-at-mark-start (previous, next)
|   0|0x0000000700c00000, 0x0000000700c00000, 0x0000000700d00000|  0%| F|  |TAMS 0x0000000700c00000, 0x0000000700c00000| Untracked 
|   1|0x0000000700d00000, 0x0000000700d00000, 0x0000000700e00000|  0%| F|  |TAMS 0x0000000700d00000, 0x0000000700d00000| Untracked 
|   2|0x0000000700e00000, 0x0000000700e00000, 0x0000000700f00000|  0%| F|  |TAMS 0x0000000700e00000, 0x0000000700e00000| Untracked 
|   3|0x0000000700f00000, 0x0000000700f00000, 0x0000000701000000|  0%| F|  |TAMS 0x0000000700f00000, 0x0000000700f00000| Untracked 
|   4|0x0000000701000000, 0x0000000701000000, 0x0000000701100000|  0%| F|  |TAMS 0x0000000701000000, 0x0000000701000000| Untracked 
|   5|0x0000000701100000, 0x0000000701100000, 0x0000000701200000|  0%| F|  |TAMS 0x0000000701100000, 0x0000000701100000| Untracked 
|   6|0x0000000701200000, 0x0000000701200000, 0x0000000701300000|  0%| F|  |TAMS 0x0000000701200000, 0x0000000701200000| Untracked 
|   7|0x0000000701300000, 0x0000000701300000, 0x0000000701400000|  0%| F|  |TAMS 0x0000000701300000, 0x0000000701300000| Untracked 
|   8|0x0000000701400000, 0x0000000701400000, 0x0000000701500000|  0%| F|  |TAMS 0x0000000701400000, 0x0000000701400000| Untracked 
|   9|0x0000000701500000, 0x0000000701500000, 0x0000000701600000|  0%| F|  |TAMS 0x0000000701500000, 0x0000000701500000| Untracked 
|  10|0x0000000701600000, 0x0000000701600000, 0x0000000701700000|  0%| F|  |TAMS 0x0000000701600000, 0x0000000701600000| Untracked 
|  11|0x0000000701700000, 0x0000000701700000, 0x0000000701800000|  0%| F|  |TAMS 0x0000000701700000, 0x0000000701700000| Untracked 
|  12|0x0000000701800000, 0x0000000701800000, 0x0000000701900000|  0%| F|  |TAMS 0x0000000701800000, 0x0000000701800000| Untracked 
|  13|0x0000000701900000, 0x0000000701900000, 0x0000000701a00000|  0%| F|  |TAMS 0x0000000701900000, 0x0000000701900000| Untracked 
|  14|0x0000000701a00000, 0x0000000701a00000, 0x0000000701b00000|  0%| F|  |TAMS 0x0000000701a00000, 0x0000000701a00000| Untracked 
|  15|0x0000000701b00000, 0x0000000701b00000, 0x0000000701c00000|  0%| F|  |TAMS 0x0000000701b00000, 0x0000000701b00000| Untracked 
|  16|0x0000000701c00000, 0x0000000701c00000, 0x0000000701d00000|  0%| F|  |TAMS 0x0000000701c00000, 0x0000000701c00000| Untracked 
|  17|0x0000000701d00000, 0x0000000701d00000, 0x0000000701e00000|  0%| F|  |TAMS 0x0000000701d00000, 0x0000000701d00000| Untracked 
|  18|0x0000000701e00000, 0x0000000701e00000, 0x0000000701f00000|  0%| F|  |TAMS 0x0000000701e00000, 0x0000000701e00000| Untracked 
|  19|0x0000000701f00000, 0x0000000701f00000, 0x0000000702000000|  0%| F|  |TAMS 0x0000000701f00000, 0x0000000701f00000| Untracked 
|  20|0x0000000702000000, 0x0000000702000000, 0x0000000702100000|  0%| F|  |TAMS 0x0000000702000000, 0x0000000702000000| Untracked 
|  21|0x0000000702100000, 0x0000000702100000, 0x0000000702200000|  0%| F|  |TAMS 0x0000000702100000, 0x0000000702100000| Untracked 
|  22|0x0000000702200000, 0x0000000702200000, 0x0000000702300000|  0%| F|  |TAMS 0x0000000702200000, 0x0000000702200000| Untracked 
|  23|0x0000000702300000, 0x0000000702300000, 0x0000000702400000|  0%| F|  |TAMS 0x0000000702300000, 0x0000000702300000| Untracked 
|  24|0x0000000702400000, 0x0000000702400000, 0x0000000702500000|  0%| F|  |TAMS 0x0000000702400000, 0x0000000702400000| Untracked 
|  25|0x0000000702500000, 0x0000000702500000, 0x0000000702600000|  0%| F|  |TAMS 0x0000000702500000, 0x0000000702500000| Untracked 
|  26|0x0000000702600000, 0x0000000702600000, 0x0000000702700000|  0%| F|  |TAMS 0x0000000702600000, 0x0000000702600000| Untracked 
|  27|0x0000000702700000, 0x0000000702700000, 0x0000000702800000|  0%| F|  |TAMS 0x0000000702700000, 0x0000000702700000| Untracked 
|  28|0x0000000702800000, 0x0000000702800000, 0x0000000702900000|  0%| F|  |TAMS 0x0000000702800000, 0x0000000702800000| Untracked 
|  29|0x0000000702900000, 0x0000000702900000, 0x0000000702a00000|  0%| F|  |TAMS 0x0000000702900000, 0x0000000702900000| Untracked 
|  30|0x0000000702a00000, 0x0000000702a00000, 0x0000000702b00000|  0%| F|  |TAMS 0x0000000702a00000, 0x0000000702a00000| Untracked 
|  31|0x0000000702b00000, 0x0000000702b00000, 0x0000000702c00000|  0%| F|  |TAMS 0x0000000702b00000, 0x0000000702b00000| Untracked 
|  32|0x0000000702c00000, 0x0000000702c00000, 0x0000000702d00000|  0%| F|  |TAMS 0x0000000702c00000, 0x0000000702c00000| Untracked 
|  33|0x0000000702d00000, 0x0000000702d00000, 0x0000000702e00000|  0%| F|  |TAMS 0x0000000702d00000, 0x0000000702d00000| Untracked 
|  34|0x0000000702e00000, 0x0000000702e00000, 0x0000000702f00000|  0%| F|  |TAMS 0x0000000702e00000, 0x0000000702e00000| Untracked 
|  35|0x0000000702f00000, 0x0000000702f00000, 0x0000000703000000|  0%| F|  |TAMS 0x0000000702f00000, 0x0000000702f00000| Untracked 
|  36|0x0000000703000000, 0x0000000703000000, 0x0000000703100000|  0%| F|  |TAMS 0x0000000703000000, 0x0000000703000000| Untracked 
|  37|0x0000000703100000, 0x0000000703100000, 0x0000000703200000|  0%| F|  |TAMS 0x0000000703100000, 0x0000000703100000| Untracked 
|  38|0x0000000703200000, 0x0000000703200000, 0x0000000703300000|  0%| F|  |TAMS 0x0000000703200000, 0x0000000703200000| Untracked 
|  39|0x0000000703300000, 0x0000000703300000, 0x0000000703400000|  0%| F|  |TAMS 0x0000000703300000, 0x0000000703300000| Untracked 
|  40|0x0000000703400000, 0x0000000703400000, 0x0000000703500000|  0%| F|  |TAMS 0x0000000703400000, 0x0000000703400000| Untracked 
|  41|0x0000000703500000, 0x0000000703500000, 0x0000000703600000|  0%| F|  |TAMS 0x0000000703500000, 0x0000000703500000| Untracked 
|  42|0x0000000703600000, 0x0000000703600000, 0x0000000703700000|  0%| F|  |TAMS 0x0000000703600000, 0x0000000703600000| Untracked 
|  43|0x0000000703700000, 0x0000000703700000, 0x0000000703800000|  0%| F|  |TAMS 0x0000000703700000, 0x0000000703700000| Untracked 
|  44|0x0000000703800000, 0x0000000703800000, 0x0000000703900000|  0%| F|  |TAMS 0x0000000703800000, 0x0000000703800000| Untracked 
|  45|0x0000000703900000, 0x0000000703900000, 0x0000000703a00000|  0%| F|  |TAMS 0x0000000703900000, 0x0000000703900000| Untracked 
|  46|0x0000000703a00000, 0x0000000703a00000, 0x0000000703b00000|  0%| F|  |TAMS 0x0000000703a00000, 0x0000000703a00000| Untracked 
|  47|0x0000000703b00000, 0x0000000703b00000, 0x0000000703c00000|  0%| F|  |TAMS 0x0000000703b00000, 0x0000000703b00000| Untracked 
|  48|0x0000000703c00000, 0x0000000703c00000, 0x0000000703d00000|  0%| F|  |TAMS 0x0000000703c00000, 0x0000000703c00000| Untracked 
|  49|0x0000000703d00000, 0x0000000703d00000, 0x0000000703e00000|  0%| F|  |TAMS 0x0000000703d00000, 0x0000000703d00000| Untracked 
|  50|0x0000000703e00000, 0x0000000703e00000, 0x0000000703f00000|  0%| F|  |TAMS 0x0000000703e00000, 0x0000000703e00000| Untracked 
|  51|0x0000000703f00000, 0x0000000703f00000, 0x0000000704000000|  0%| F|  |TAMS 0x0000000703f00000, 0x0000000703f00000| Untracked 
|  52|0x0000000704000000, 0x0000000704000000, 0x0000000704100000|  0%| F|  |TAMS 0x0000000704000000, 0x0000000704000000| Untracked 
|  53|0x0000000704100000, 0x0000000704100000, 0x0000000704200000|  0%| F|  |TAMS 0x0000000704100000, 0x0000000704100000| Untracked 
|  54|0x0000000704200000, 0x0000000704200000, 0x0000000704300000|  0%| F|  |TAMS 0x0000000704200000, 0x0000000704200000| Untracked 
|  55|0x0000000704300000, 0x0000000704300000, 0x0000000704400000|  0%| F|  |TAMS 0x0000000704300000, 0x0000000704300000| Untracked 
|  56|0x0000000704400000, 0x0000000704400000, 0x0000000704500000|  0%| F|  |TAMS 0x0000000704400000, 0x0000000704400000| Untracked 
|  57|0x0000000704500000, 0x0000000704500000, 0x0000000704600000|  0%| F|  |TAMS 0x0000000704500000, 0x0000000704500000| Untracked 
|  58|0x0000000704600000, 0x0000000704600000, 0x0000000704700000|  0%| F|  |TAMS 0x0000000704600000, 0x0000000704600000| Untracked 
|  59|0x0000000704700000, 0x0000000704700000, 0x0000000704800000|  0%| F|  |TAMS 0x0000000704700000, 0x0000000704700000| Untracked 
|  60|0x0000000704800000, 0x0000000704800000, 0x0000000704900000|  0%| F|  |TAMS 0x0000000704800000, 0x0000000704800000| Untracked 
|  61|0x0000000704900000, 0x0000000704900000, 0x0000000704a00000|  0%| F|  |TAMS 0x0000000704900000, 0x0000000704900000| Untracked 
|  62|0x0000000704a00000, 0x0000000704a00000, 0x0000000704b00000|  0%| F|  |TAMS 0x0000000704a00000, 0x0000000704a00000| Untracked 
|  63|0x0000000704b00000, 0x0000000704b00000, 0x0000000704c00000|  0%| F|  |TAMS 0x0000000704b00000, 0x0000000704b00000| Untracked 
|  64|0x0000000704c00000, 0x0000000704c00000, 0x0000000704d00000|  0%| F|  |TAMS 0x0000000704c00000, 0x0000000704c00000| Untracked 
|  65|0x0000000704d00000, 0x0000000704d00000, 0x0000000704e00000|  0%| F|  |TAMS 0x0000000704d00000, 0x0000000704d00000| Untracked 
|  66|0x0000000704e00000, 0x0000000704e00000, 0x0000000704f00000|  0%| F|  |TAMS 0x0000000704e00000, 0x0000000704e00000| Untracked 
|  67|0x0000000704f00000, 0x0000000704f00000, 0x0000000705000000|  0%| F|  |TAMS 0x0000000704f00000, 0x0000000704f00000| Untracked 
|  68|0x0000000705000000, 0x0000000705000000, 0x0000000705100000|  0%| F|  |TAMS 0x0000000705000000, 0x0000000705000000| Untracked 
|  69|0x0000000705100000, 0x0000000705100000, 0x0000000705200000|  0%| F|  |TAMS 0x0000000705100000, 0x0000000705100000| Untracked 
|  70|0x0000000705200000, 0x0000000705200000, 0x0000000705300000|  0%| F|  |TAMS 0x0000000705200000, 0x0000000705200000| Untracked 
|  71|0x0000000705300000, 0x0000000705300000, 0x0000000705400000|  0%| F|  |TAMS 0x0000000705300000, 0x0000000705300000| Untracked 
|  72|0x0000000705400000, 0x0000000705400000, 0x0000000705500000|  0%| F|  |TAMS 0x0000000705400000, 0x0000000705400000| Untracked 
|  73|0x0000000705500000, 0x0000000705500000, 0x0000000705600000|  0%| F|  |TAMS 0x0000000705500000, 0x0000000705500000| Untracked 
|  74|0x0000000705600000, 0x0000000705600000, 0x0000000705700000|  0%| F|  |TAMS 0x0000000705600000, 0x0000000705600000| Untracked 
|  75|0x0000000705700000, 0x0000000705700000, 0x0000000705800000|  0%| F|  |TAMS 0x0000000705700000, 0x0000000705700000| Untracked 
|  76|0x0000000705800000, 0x0000000705800000, 0x0000000705900000|  0%| F|  |TAMS 0x0000000705800000, 0x0000000705800000| Untracked 
|  77|0x0000000705900000, 0x0000000705900000, 0x0000000705a00000|  0%| F|  |TAMS 0x0000000705900000, 0x0000000705900000| Untracked 
|  78|0x0000000705a00000, 0x0000000705a00000, 0x0000000705b00000|  0%| F|  |TAMS 0x0000000705a00000, 0x0000000705a00000| Untracked 
|  79|0x0000000705b00000, 0x0000000705b00000, 0x0000000705c00000|  0%| F|  |TAMS 0x0000000705b00000, 0x0000000705b00000| Untracked 
|  80|0x0000000705c00000, 0x0000000705c00000, 0x0000000705d00000|  0%| F|  |TAMS 0x0000000705c00000, 0x0000000705c00000| Untracked 
|  81|0x0000000705d00000, 0x0000000705d00000, 0x0000000705e00000|  0%| F|  |TAMS 0x0000000705d00000, 0x0000000705d00000| Untracked 
|  82|0x0000000705e00000, 0x0000000705e00000, 0x0000000705f00000|  0%| F|  |TAMS 0x0000000705e00000, 0x0000000705e00000| Untracked 
|  83|0x0000000705f00000, 0x0000000705f00000, 0x0000000706000000|  0%| F|  |TAMS 0x0000000705f00000, 0x0000000705f00000| Untracked 
|  84|0x0000000706000000, 0x0000000706000000, 0x0000000706100000|  0%| F|  |TAMS 0x0000000706000000, 0x0000000706000000| Untracked 
|  85|0x0000000706100000, 0x0000000706100000, 0x0000000706200000|  0%| F|  |TAMS 0x0000000706100000, 0x0000000706100000| Untracked 
|  86|0x0000000706200000, 0x0000000706200000, 0x0000000706300000|  0%| F|  |TAMS 0x0000000706200000, 0x0000000706200000| Untracked 
|  87|0x0000000706300000, 0x0000000706300000, 0x0000000706400000|  0%| F|  |TAMS 0x0000000706300000, 0x0000000706300000| Untracked 
|  88|0x0000000706400000, 0x0000000706400000, 0x0000000706500000|  0%| F|  |TAMS 0x0000000706400000, 0x0000000706400000| Untracked 
|  89|0x0000000706500000, 0x0000000706500000, 0x0000000706600000|  0%| F|  |TAMS 0x0000000706500000, 0x0000000706500000| Untracked 
|  90|0x0000000706600000, 0x0000000706600000, 0x0000000706700000|  0%| F|  |TAMS 0x0000000706600000, 0x0000000706600000| Untracked 
|  91|0x0000000706700000, 0x0000000706700000, 0x0000000706800000|  0%| F|  |TAMS 0x0000000706700000, 0x0000000706700000| Untracked 
|  92|0x0000000706800000, 0x0000000706800000, 0x0000000706900000|  0%| F|  |TAMS 0x0000000706800000, 0x0000000706800000| Untracked 
|  93|0x0000000706900000, 0x0000000706900000, 0x0000000706a00000|  0%| F|  |TAMS 0x0000000706900000, 0x0000000706900000| Untracked 
|  94|0x0000000706a00000, 0x0000000706a00000, 0x0000000706b00000|  0%| F|  |TAMS 0x0000000706a00000, 0x0000000706a00000| Untracked 
|  95|0x0000000706b00000, 0x0000000706b00000, 0x0000000706c00000|  0%| F|  |TAMS 0x0000000706b00000, 0x0000000706b00000| Untracked 
|  96|0x0000000706c00000, 0x0000000706c00000, 0x0000000706d00000|  0%| F|  |TAMS 0x0000000706c00000, 0x0000000706c00000| Untracked 
|  97|0x0000000706d00000, 0x0000000706d00000, 0x0000000706e00000|  0%| F|  |TAMS 0x0000000706d00000, 0x0000000706d00000| Untracked 
|  98|0x0000000706e00000, 0x0000000706e00000, 0x0000000706f00000|  0%| F|  |TAMS 0x0000000706e00000, 0x0000000706e00000| Untracked 
|  99|0x0000000706f00000, 0x0000000706f00000, 0x0000000707000000|  0%| F|  |TAMS 0x0000000706f00000, 0x0000000706f00000| Untracked 
| 100|0x0000000707000000, 0x0000000707000000, 0x0000000707100000|  0%| F|  |TAMS 0x0000000707000000, 0x0000000707000000| Untracked 
| 101|0x0000000707100000, 0x0000000707100000, 0x0000000707200000|  0%| F|  |TAMS 0x0000000707100000, 0x0000000707100000| Untracked 
| 102|0x0000000707200000, 0x0000000707200000, 0x0000000707300000|  0%| F|  |TAMS 0x0000000707200000, 0x0000000707200000| Untracked 
| 103|0x0000000707300000, 0x0000000707300000, 0x0000000707400000|  0%| F|  |TAMS 0x0000000707300000, 0x0000000707300000| Untracked 
| 104|0x0000000707400000, 0x0000000707400000, 0x0000000707500000|  0%| F|  |TAMS 0x0000000707400000, 0x0000000707400000| Untracked 
| 105|0x0000000707500000, 0x0000000707500000, 0x0000000707600000|  0%| F|  |TAMS 0x0000000707500000, 0x0000000707500000| Untracked 
| 106|0x0000000707600000, 0x0000000707600000, 0x0000000707700000|  0%| F|  |TAMS 0x0000000707600000, 0x0000000707600000| Untracked 
| 107|0x0000000707700000, 0x0000000707700000, 0x0000000707800000|  0%| F|  |TAMS 0x0000000707700000, 0x0000000707700000| Untracked 
| 108|0x0000000707800000, 0x0000000707800000, 0x0000000707900000|  0%| F|  |TAMS 0x0000000707800000, 0x0000000707800000| Untracked 
| 109|0x0000000707900000, 0x0000000707900000, 0x0000000707a00000|  0%| F|  |TAMS 0x0000000707900000, 0x0000000707900000| Untracked 
| 110|0x0000000707a00000, 0x0000000707a00000, 0x0000000707b00000|  0%| F|  |TAMS 0x0000000707a00000, 0x0000000707a00000| Untracked 
| 111|0x0000000707b00000, 0x0000000707b00000, 0x0000000707c00000|  0%| F|  |TAMS 0x0000000707b00000, 0x0000000707b00000| Untracked 
| 112|0x0000000707c00000, 0x0000000707c00000, 0x0000000707d00000|  0%| F|  |TAMS 0x0000000707c00000, 0x0000000707c00000| Untracked 
| 113|0x0000000707d00000, 0x0000000707d00000, 0x0000000707e00000|  0%| F|  |TAMS 0x0000000707d00000, 0x0000000707d00000| Untracked 
| 114|0x0000000707e00000, 0x0000000707e00000, 0x0000000707f00000|  0%| F|  |TAMS 0x0000000707e00000, 0x0000000707e00000| Untracked 
| 115|0x0000000707f00000, 0x0000000707f00000, 0x0000000708000000|  0%| F|  |TAMS 0x0000000707f00000, 0x0000000707f00000| Untracked 
| 116|0x0000000708000000, 0x0000000708000000, 0x0000000708100000|  0%| F|  |TAMS 0x0000000708000000, 0x0000000708000000| Untracked 
| 117|0x0000000708100000, 0x0000000708100000, 0x0000000708200000|  0%| F|  |TAMS 0x0000000708100000, 0x0000000708100000| Untracked 
| 118|0x0000000708200000, 0x0000000708200000, 0x0000000708300000|  0%| F|  |TAMS 0x0000000708200000, 0x0000000708200000| Untracked 
| 119|0x0000000708300000, 0x0000000708300000, 0x0000000708400000|  0%| F|  |TAMS 0x0000000708300000, 0x0000000708300000| Untracked 
| 120|0x0000000708400000, 0x0000000708400000, 0x0000000708500000|  0%| F|  |TAMS 0x0000000708400000, 0x0000000708400000| Untracked 
| 121|0x0000000708500000, 0x0000000708500000, 0x0000000708600000|  0%| F|  |TAMS 0x0000000708500000, 0x0000000708500000| Untracked 
| 122|0x0000000708600000, 0x0000000708600000, 0x0000000708700000|  0%| F|  |TAMS 0x0000000708600000, 0x0000000708600000| Untracked 
| 123|0x0000000708700000, 0x0000000708700000, 0x0000000708800000|  0%| F|  |TAMS 0x0000000708700000, 0x0000000708700000| Untracked 
| 124|0x0000000708800000, 0x0000000708800000, 0x0000000708900000|  0%| F|  |TAMS 0x0000000708800000, 0x0000000708800000| Untracked 
| 125|0x0000000708900000, 0x0000000708900000, 0x0000000708a00000|  0%| F|  |TAMS 0x0000000708900000, 0x0000000708900000| Untracked 
| 126|0x0000000708a00000, 0x0000000708a00000, 0x0000000708b00000|  0%| F|  |TAMS 0x0000000708a00000, 0x0000000708a00000| Untracked 
| 127|0x0000000708b00000, 0x0000000708b00000, 0x0000000708c00000|  0%| F|  |TAMS 0x0000000708b00000, 0x0000000708b00000| Untracked 
| 128|0x0000000708c00000, 0x0000000708c00000, 0x0000000708d00000|  0%| F|  |TAMS 0x0000000708c00000, 0x0000000708c00000| Untracked 
| 129|0x0000000708d00000, 0x0000000708d00000, 0x0000000708e00000|  0%| F|  |TAMS 0x0000000708d00000, 0x0000000708d00000| Untracked 
| 130|0x0000000708e00000, 0x0000000708e00000, 0x0000000708f00000|  0%| F|  |TAMS 0x0000000708e00000, 0x0000000708e00000| Untracked 
| 131|0x0000000708f00000, 0x0000000708f00000, 0x0000000709000000|  0%| F|  |TAMS 0x0000000708f00000, 0x0000000708f00000| Untracked 
| 132|0x0000000709000000, 0x0000000709000000, 0x0000000709100000|  0%| F|  |TAMS 0x0000000709000000, 0x0000000709000000| Untracked 
| 133|0x0000000709100000, 0x0000000709100000, 0x0000000709200000|  0%| F|  |TAMS 0x0000000709100000, 0x0000000709100000| Untracked 
| 134|0x0000000709200000, 0x0000000709200000, 0x0000000709300000|  0%| F|  |TAMS 0x0000000709200000, 0x0000000709200000| Untracked 
| 135|0x0000000709300000, 0x0000000709300000, 0x0000000709400000|  0%| F|  |TAMS 0x0000000709300000, 0x0000000709300000| Untracked 
| 136|0x0000000709400000, 0x0000000709400000, 0x0000000709500000|  0%| F|  |TAMS 0x0000000709400000, 0x0000000709400000| Untracked 
| 137|0x0000000709500000, 0x0000000709500000, 0x0000000709600000|  0%| F|  |TAMS 0x0000000709500000, 0x0000000709500000| Untracked 
| 138|0x0000000709600000, 0x0000000709600000, 0x0000000709700000|  0%| F|  |TAMS 0x0000000709600000, 0x0000000709600000| Untracked 
| 139|0x0000000709700000, 0x0000000709700000, 0x0000000709800000|  0%| F|  |TAMS 0x0000000709700000, 0x0000000709700000| Untracked 
| 140|0x0000000709800000, 0x0000000709800000, 0x0000000709900000|  0%| F|  |TAMS 0x0000000709800000, 0x0000000709800000| Untracked 
| 141|0x0000000709900000, 0x0000000709900000, 0x0000000709a00000|  0%| F|  |TAMS 0x0000000709900000, 0x0000000709900000| Untracked 
| 142|0x0000000709a00000, 0x0000000709a00000, 0x0000000709b00000|  0%| F|  |TAMS 0x0000000709a00000, 0x0000000709a00000| Untracked 
| 143|0x0000000709b00000, 0x0000000709b00000, 0x0000000709c00000|  0%| F|  |TAMS 0x0000000709b00000, 0x0000000709b00000| Untracked 
| 144|0x0000000709c00000, 0x0000000709c00000, 0x0000000709d00000|  0%| F|  |TAMS 0x0000000709c00000, 0x0000000709c00000| Untracked 
| 145|0x0000000709d00000, 0x0000000709d00000, 0x0000000709e00000|  0%| F|  |TAMS 0x0000000709d00000, 0x0000000709d00000| Untracked 
| 146|0x0000000709e00000, 0x0000000709e00000, 0x0000000709f00000|  0%| F|  |TAMS 0x0000000709e00000, 0x0000000709e00000| Untracked 
| 147|0x0000000709f00000, 0x0000000709f00000, 0x000000070a000000|  0%| F|  |TAMS 0x0000000709f00000, 0x0000000709f00000| Untracked 
| 148|0x000000070a000000, 0x000000070a000000, 0x000000070a100000|  0%| F|  |TAMS 0x000000070a000000, 0x000000070a000000| Untracked 
| 149|0x000000070a100000, 0x000000070a100000, 0x000000070a200000|  0%| F|  |TAMS 0x000000070a100000, 0x000000070a100000| Untracked 
| 150|0x000000070a200000, 0x000000070a200000, 0x000000070a300000|  0%| F|  |TAMS 0x000000070a200000, 0x000000070a200000| Untracked 
| 151|0x000000070a300000, 0x000000070a300000, 0x000000070a400000|  0%| F|  |TAMS 0x000000070a300000, 0x000000070a300000| Untracked 
| 152|0x000000070a400000, 0x000000070a400000, 0x000000070a500000|  0%| F|  |TAMS 0x000000070a400000, 0x000000070a400000| Untracked 
| 153|0x000000070a500000, 0x000000070a500000, 0x000000070a600000|  0%| F|  |TAMS 0x000000070a500000, 0x000000070a500000| Untracked 
| 154|0x000000070a600000, 0x000000070a600000, 0x000000070a700000|  0%| F|  |TAMS 0x000000070a600000, 0x000000070a600000| Untracked 
| 155|0x000000070a700000, 0x000000070a700000, 0x000000070a800000|  0%| F|  |TAMS 0x000000070a700000, 0x000000070a700000| Untracked 
| 156|0x000000070a800000, 0x000000070a800000, 0x000000070a900000|  0%| F|  |TAMS 0x000000070a800000, 0x000000070a800000| Untracked 
| 157|0x000000070a900000, 0x000000070a900000, 0x000000070aa00000|  0%| F|  |TAMS 0x000000070a900000, 0x000000070a900000| Untracked 
| 158|0x000000070aa00000, 0x000000070aa00000, 0x000000070ab00000|  0%| F|  |TAMS 0x000000070aa00000, 0x000000070aa00000| Untracked 
| 159|0x000000070ab00000, 0x000000070ab00000, 0x000000070ac00000|  0%| F|  |TAMS 0x000000070ab00000, 0x000000070ab00000| Untracked 
| 160|0x000000070ac00000, 0x000000070ac00000, 0x000000070ad00000|  0%| F|  |TAMS 0x000000070ac00000, 0x000000070ac00000| Untracked 
| 161|0x000000070ad00000, 0x000000070ad00000, 0x000000070ae00000|  0%| F|  |TAMS 0x000000070ad00000, 0x000000070ad00000| Untracked 
| 162|0x000000070ae00000, 0x000000070ae00000, 0x000000070af00000|  0%| F|  |TAMS 0x000000070ae00000, 0x000000070ae00000| Untracked 
| 163|0x000000070af00000, 0x000000070af00000, 0x000000070b000000|  0%| F|  |TAMS 0x000000070af00000, 0x000000070af00000| Untracked 
| 164|0x000000070b000000, 0x000000070b000000, 0x000000070b100000|  0%| F|  |TAMS 0x000000070b000000, 0x000000070b000000| Untracked 
| 165|0x000000070b100000, 0x000000070b100000, 0x000000070b200000|  0%| F|  |TAMS 0x000000070b100000, 0x000000070b100000| Untracked 
| 166|0x000000070b200000, 0x000000070b200000, 0x000000070b300000|  0%| F|  |TAMS 0x000000070b200000, 0x000000070b200000| Untracked 
| 167|0x000000070b300000, 0x000000070b300000, 0x000000070b400000|  0%| F|  |TAMS 0x000000070b300000, 0x000000070b300000| Untracked 
| 168|0x000000070b400000, 0x000000070b400000, 0x000000070b500000|  0%| F|  |TAMS 0x000000070b400000, 0x000000070b400000| Untracked 
| 169|0x000000070b500000, 0x000000070b500000, 0x000000070b600000|  0%| F|  |TAMS 0x000000070b500000, 0x000000070b500000| Untracked 
| 170|0x000000070b600000, 0x000000070b600000, 0x000000070b700000|  0%| F|  |TAMS 0x000000070b600000, 0x000000070b600000| Untracked 
| 171|0x000000070b700000, 0x000000070b700000, 0x000000070b800000|  0%| F|  |TAMS 0x000000070b700000, 0x000000070b700000| Untracked 
| 172|0x000000070b800000, 0x000000070b800000, 0x000000070b900000|  0%| F|  |TAMS 0x000000070b800000, 0x000000070b800000| Untracked 
| 173|0x000000070b900000, 0x000000070b900000, 0x000000070ba00000|  0%| F|  |TAMS 0x000000070b900000, 0x000000070b900000| Untracked 
| 174|0x000000070ba00000, 0x000000070ba00000, 0x000000070bb00000|  0%| F|  |TAMS 0x000000070ba00000, 0x000000070ba00000| Untracked 
| 175|0x000000070bb00000, 0x000000070bb00000, 0x000000070bc00000|  0%| F|  |TAMS 0x000000070bb00000, 0x000000070bb00000| Untracked 
| 176|0x000000070bc00000, 0x000000070bc00000, 0x000000070bd00000|  0%| F|  |TAMS 0x000000070bc00000, 0x000000070bc00000| Untracked 
| 177|0x000000070bd00000, 0x000000070bd00000, 0x000000070be00000|  0%| F|  |TAMS 0x000000070bd00000, 0x000000070bd00000| Untracked 
| 178|0x000000070be00000, 0x000000070be00000, 0x000000070bf00000|  0%| F|  |TAMS 0x000000070be00000, 0x000000070be00000| Untracked 
| 179|0x000000070bf00000, 0x000000070bf00000, 0x000000070c000000|  0%| F|  |TAMS 0x000000070bf00000, 0x000000070bf00000| Untracked 
| 180|0x000000070c000000, 0x000000070c000000, 0x000000070c100000|  0%| F|  |TAMS 0x000000070c000000, 0x000000070c000000| Untracked 
| 181|0x000000070c100000, 0x000000070c100000, 0x000000070c200000|  0%| F|  |TAMS 0x000000070c100000, 0x000000070c100000| Untracked 
| 182|0x000000070c200000, 0x000000070c200000, 0x000000070c300000|  0%| F|  |TAMS 0x000000070c200000, 0x000000070c200000| Untracked 
| 183|0x000000070c300000, 0x000000070c300000, 0x000000070c400000|  0%| F|  |TAMS 0x000000070c300000, 0x000000070c300000| Untracked 
| 184|0x000000070c400000, 0x000000070c400000, 0x000000070c500000|  0%| F|  |TAMS 0x000000070c400000, 0x000000070c400000| Untracked 
| 185|0x000000070c500000, 0x000000070c500000, 0x000000070c600000|  0%| F|  |TAMS 0x000000070c500000, 0x000000070c500000| Untracked 
| 186|0x000000070c600000, 0x000000070c600000, 0x000000070c700000|  0%| F|  |TAMS 0x000000070c600000, 0x000000070c600000| Untracked 
| 187|0x000000070c700000, 0x000000070c700000, 0x000000070c800000|  0%| F|  |TAMS 0x000000070c700000, 0x000000070c700000| Untracked 
| 188|0x000000070c800000, 0x000000070c800000, 0x000000070c900000|  0%| F|  |TAMS 0x000000070c800000, 0x000000070c800000| Untracked 
| 189|0x000000070c900000, 0x000000070c900000, 0x000000070ca00000|  0%| F|  |TAMS 0x000000070c900000, 0x000000070c900000| Untracked 
| 190|0x000000070ca00000, 0x000000070ca00000, 0x000000070cb00000|  0%| F|  |TAMS 0x000000070ca00000, 0x000000070ca00000| Untracked 
| 191|0x000000070cb00000, 0x000000070cb00000, 0x000000070cc00000|  0%| F|  |TAMS 0x000000070cb00000, 0x000000070cb00000| Untracked 
| 192|0x000000070cc00000, 0x000000070cc00000, 0x000000070cd00000|  0%| F|  |TAMS 0x000000070cc00000, 0x000000070cc00000| Untracked 
| 193|0x000000070cd00000, 0x000000070cd00000, 0x000000070ce00000|  0%| F|  |TAMS 0x000000070cd00000, 0x000000070cd00000| Untracked 
| 194|0x000000070ce00000, 0x000000070ce00000, 0x000000070cf00000|  0%| F|  |TAMS 0x000000070ce00000, 0x000000070ce00000| Untracked 
| 195|0x000000070cf00000, 0x000000070cf00000, 0x000000070d000000|  0%| F|  |TAMS 0x000000070cf00000, 0x000000070cf00000| Untracked 
| 196|0x000000070d000000, 0x000000070d000000, 0x000000070d100000|  0%| F|  |TAMS 0x000000070d000000, 0x000000070d000000| Untracked 
| 197|0x000000070d100000, 0x000000070d100000, 0x000000070d200000|  0%| F|  |TAMS 0x000000070d100000, 0x000000070d100000| Untracked 
| 198|0x000000070d200000, 0x000000070d200000, 0x000000070d300000|  0%| F|  |TAMS 0x000000070d200000, 0x000000070d200000| Untracked 
| 199|0x000000070d300000, 0x000000070d300000, 0x000000070d400000|  0%| F|  |TAMS 0x000000070d300000, 0x000000070d300000| Untracked 
| 200|0x000000070d400000, 0x000000070d400000, 0x000000070d500000|  0%| F|  |TAMS 0x000000070d400000, 0x000000070d400000| Untracked 
| 201|0x000000070d500000, 0x000000070d500000, 0x000000070d600000|  0%| F|  |TAMS 0x000000070d500000, 0x000000070d500000| Untracked 
| 202|0x000000070d600000, 0x000000070d600000, 0x000000070d700000|  0%| F|  |TAMS 0x000000070d600000, 0x000000070d600000| Untracked 
| 203|0x000000070d700000, 0x000000070d700000, 0x000000070d800000|  0%| F|  |TAMS 0x000000070d700000, 0x000000070d700000| Untracked 
| 204|0x000000070d800000, 0x000000070d800000, 0x000000070d900000|  0%| F|  |TAMS 0x000000070d800000, 0x000000070d800000| Untracked 
| 205|0x000000070d900000, 0x000000070d900000, 0x000000070da00000|  0%| F|  |TAMS 0x000000070d900000, 0x000000070d900000| Untracked 
| 206|0x000000070da00000, 0x000000070da00000, 0x000000070db00000|  0%| F|  |TAMS 0x000000070da00000, 0x000000070da00000| Untracked 
| 207|0x000000070db00000, 0x000000070db00000, 0x000000070dc00000|  0%| F|  |TAMS 0x000000070db00000, 0x000000070db00000| Untracked 
| 208|0x000000070dc00000, 0x000000070dc00000, 0x000000070dd00000|  0%| F|  |TAMS 0x000000070dc00000, 0x000000070dc00000| Untracked 
| 209|0x000000070dd00000, 0x000000070dd00000, 0x000000070de00000|  0%| F|  |TAMS 0x000000070dd00000, 0x000000070dd00000| Untracked 
| 210|0x000000070de00000, 0x000000070de00000, 0x000000070df00000|  0%| F|  |TAMS 0x000000070de00000, 0x000000070de00000| Untracked 
| 211|0x000000070df00000, 0x000000070df00000, 0x000000070e000000|  0%| F|  |TAMS 0x000000070df00000, 0x000000070df00000| Untracked 
| 212|0x000000070e000000, 0x000000070e000000, 0x000000070e100000|  0%| F|  |TAMS 0x000000070e000000, 0x000000070e000000| Untracked 
| 213|0x000000070e100000, 0x000000070e100000, 0x000000070e200000|  0%| F|  |TAMS 0x000000070e100000, 0x000000070e100000| Untracked 
| 214|0x000000070e200000, 0x000000070e200000, 0x000000070e300000|  0%| F|  |TAMS 0x000000070e200000, 0x000000070e200000| Untracked 
| 215|0x000000070e300000, 0x000000070e300000, 0x000000070e400000|  0%| F|  |TAMS 0x000000070e300000, 0x000000070e300000| Untracked 
| 216|0x000000070e400000, 0x000000070e400000, 0x000000070e500000|  0%| F|  |TAMS 0x000000070e400000, 0x000000070e400000| Untracked 
| 217|0x000000070e500000, 0x000000070e500000, 0x000000070e600000|  0%| F|  |TAMS 0x000000070e500000, 0x000000070e500000| Untracked 
| 218|0x000000070e600000, 0x000000070e600000, 0x000000070e700000|  0%| F|  |TAMS 0x000000070e600000, 0x000000070e600000| Untracked 
| 219|0x000000070e700000, 0x000000070e700000, 0x000000070e800000|  0%| F|  |TAMS 0x000000070e700000, 0x000000070e700000| Untracked 
| 220|0x000000070e800000, 0x000000070e800000, 0x000000070e900000|  0%| F|  |TAMS 0x000000070e800000, 0x000000070e800000| Untracked 
| 221|0x000000070e900000, 0x000000070e900000, 0x000000070ea00000|  0%| F|  |TAMS 0x000000070e900000, 0x000000070e900000| Untracked 
| 222|0x000000070ea00000, 0x000000070ea00000, 0x000000070eb00000|  0%| F|  |TAMS 0x000000070ea00000, 0x000000070ea00000| Untracked 
| 223|0x000000070eb00000, 0x000000070eb00000, 0x000000070ec00000|  0%| F|  |TAMS 0x000000070eb00000, 0x000000070eb00000| Untracked 
| 224|0x000000070ec00000, 0x000000070ec00000, 0x000000070ed00000|  0%| F|  |TAMS 0x000000070ec00000, 0x000000070ec00000| Untracked 
| 225|0x000000070ed00000, 0x000000070ed00000, 0x000000070ee00000|  0%| F|  |TAMS 0x000000070ed00000, 0x000000070ed00000| Untracked 
| 226|0x000000070ee00000, 0x000000070ee00000, 0x000000070ef00000|  0%| F|  |TAMS 0x000000070ee00000, 0x000000070ee00000| Untracked 
| 227|0x000000070ef00000, 0x000000070ef00000, 0x000000070f000000|  0%| F|  |TAMS 0x000000070ef00000, 0x000000070ef00000| Untracked 
| 228|0x000000070f000000, 0x000000070f000000, 0x000000070f100000|  0%| F|  |TAMS 0x000000070f000000, 0x000000070f000000| Untracked 
| 229|0x000000070f100000, 0x000000070f1a5178, 0x000000070f200000| 64%| S|CS|TAMS 0x000000070f100000, 0x000000070f100000| Complete 
| 230|0x000000070f200000, 0x000000070f300000, 0x000000070f300000|100%| S|CS|TAMS 0x000000070f200000, 0x000000070f200000| Complete 
| 231|0x000000070f300000, 0x000000070f400000, 0x000000070f400000|100%| S|CS|TAMS 0x000000070f300000, 0x000000070f300000| Complete 
| 232|0x000000070f400000, 0x000000070f400000, 0x000000070f500000|  0%| F|  |TAMS 0x000000070f400000, 0x000000070f400000| Untracked 
| 233|0x000000070f500000, 0x000000070f500000, 0x000000070f600000|  0%| F|  |TAMS 0x000000070f500000, 0x000000070f500000| Untracked 
| 234|0x000000070f600000, 0x000000070f600000, 0x000000070f700000|  0%| F|  |TAMS 0x000000070f600000, 0x000000070f600000| Untracked 
| 235|0x000000070f700000, 0x000000070f700000, 0x000000070f800000|  0%| F|  |TAMS 0x000000070f700000, 0x000000070f700000| Untracked 
| 236|0x000000070f800000, 0x000000070f800000, 0x000000070f900000|  0%| F|  |TAMS 0x000000070f800000, 0x000000070f800000| Untracked 
| 237|0x000000070f900000, 0x000000070f900000, 0x000000070fa00000|  0%| F|  |TAMS 0x000000070f900000, 0x000000070f900000| Untracked 
| 238|0x000000070fa00000, 0x000000070fa00000, 0x000000070fb00000|  0%| F|  |TAMS 0x000000070fa00000, 0x000000070fa00000| Untracked 
| 239|0x000000070fb00000, 0x000000070fb00000, 0x000000070fc00000|  0%| F|  |TAMS 0x000000070fb00000, 0x000000070fb00000| Untracked 
| 240|0x000000070fc00000, 0x000000070fc00000, 0x000000070fd00000|  0%| F|  |TAMS 0x000000070fc00000, 0x000000070fc00000| Untracked 
| 241|0x000000070fd00000, 0x000000070fd00000, 0x000000070fe00000|  0%| F|  |TAMS 0x000000070fd00000, 0x000000070fd00000| Untracked 
| 242|0x000000070fe00000, 0x000000070fe00000, 0x000000070ff00000|  0%| F|  |TAMS 0x000000070fe00000, 0x000000070fe00000| Untracked 
| 243|0x000000070ff00000, 0x000000070ff00000, 0x0000000710000000|  0%| F|  |TAMS 0x000000070ff00000, 0x000000070ff00000| Untracked 
| 244|0x0000000710000000, 0x0000000710000800, 0x0000000710100000|  0%| E|  |TAMS 0x0000000710000000, 0x0000000710000000| Complete 
| 245|0x0000000710100000, 0x0000000710200000, 0x0000000710200000|100%| E|CS|TAMS 0x0000000710100000, 0x0000000710100000| Complete 
| 246|0x0000000710200000, 0x0000000710300000, 0x0000000710300000|100%| E|CS|TAMS 0x0000000710200000, 0x0000000710200000| Complete 
| 247|0x0000000710300000, 0x0000000710400000, 0x0000000710400000|100%| E|CS|TAMS 0x0000000710300000, 0x0000000710300000| Complete 
| 248|0x0000000710400000, 0x0000000710500000, 0x0000000710500000|100%| E|CS|TAMS 0x0000000710400000, 0x0000000710400000| Complete 
| 249|0x0000000710500000, 0x0000000710600000, 0x0000000710600000|100%| E|CS|TAMS 0x0000000710500000, 0x0000000710500000| Complete 
| 250|0x0000000710600000, 0x0000000710700000, 0x0000000710700000|100%| E|CS|TAMS 0x0000000710600000, 0x0000000710600000| Complete 
| 251|0x0000000710700000, 0x0000000710800000, 0x0000000710800000|100%| E|CS|TAMS 0x0000000710700000, 0x0000000710700000| Complete 
| 252|0x0000000710800000, 0x0000000710900000, 0x0000000710900000|100%| E|CS|TAMS 0x0000000710800000, 0x0000000710800000| Complete 
| 253|0x0000000710900000, 0x0000000710a00000, 0x0000000710a00000|100%| E|CS|TAMS 0x0000000710900000, 0x0000000710900000| Complete 
| 254|0x0000000710a00000, 0x0000000710b00000, 0x0000000710b00000|100%| E|CS|TAMS 0x0000000710a00000, 0x0000000710a00000| Complete 
| 255|0x0000000710b00000, 0x0000000710c00000, 0x0000000710c00000|100%| E|CS|TAMS 0x0000000710b00000, 0x0000000710b00000| Complete 

Card table byte_map: [0x000001f6ac2f0000,0x000001f6acaf0000] _byte_map_base: 0x000001f6a8aea000

Marking Bits (Prev, Next): (CMBitMap*) 0x000001f694202cd8, (CMBitMap*) 0x000001f694202d18
 Prev Bits: [0x000001f6ad2f0000, 0x000001f6b12c0000)
 Next Bits: [0x000001f6b12c0000, 0x000001f6b5290000)

Polling page: 0x000001f6920d0000

Metaspace:

Usage:
  Non-class:      9.84 MB capacity,     9.66 MB ( 98%) used,   163.69 KB (  2%) free+waste,    30.44 KB ( <1%) overhead. 
      Class:      1.34 MB capacity,     1.18 MB ( 88%) used,   147.04 KB ( 11%) free+waste,    16.81 KB (  1%) overhead. 
       Both:     11.18 MB capacity,    10.83 MB ( 97%) used,   310.73 KB (  3%) free+waste,    47.25 KB ( <1%) overhead. 

Virtual space:
  Non-class space:       10.00 MB reserved,      10.00 MB (100%) committed 
      Class space:        1.00 GB reserved,       1.38 MB ( <1%) committed 
             Both:        1.01 GB reserved,      11.38 MB (  1%) committed 

Chunk freelists:
   Non-Class:  3.88 KB
       Class:  768 bytes
        Both:  4.63 KB

CodeHeap 'non-profiled nmethods': size=120000Kb used=1774Kb max_used=1774Kb free=118226Kb
 bounds [0x000001f6a4070000, 0x000001f6a42e0000, 0x000001f6ab5a0000]
CodeHeap 'profiled nmethods': size=120000Kb used=5904Kb max_used=5904Kb free=114095Kb
 bounds [0x000001f69cb40000, 0x000001f69d110000, 0x000001f6a4070000]
CodeHeap 'non-nmethods': size=5760Kb used=1241Kb max_used=1286Kb free=4518Kb
 bounds [0x000001f69c5a0000, 0x000001f69c810000, 0x000001f69cb40000]
 total_blobs=3792 nmethods=2437 adapters=515
 compilation: enabled
              stopped_count=0, restarted_count=0
 full_count=0

Compilation events (10 events):
Event: 63.035 Thread 0x000001f6b88d8800 2519       3       javax.swing.text.FieldView::updateVisibilityModel (121 bytes)
Event: 63.036 Thread 0x000001f6b88d8800 nmethod 2519 0x000001f69d104f10 code [0x000001f69d105160, 0x000001f69d105cb0]
Event: 63.036 Thread 0x000001f6b88d8800 2520       3       javax.swing.text.AbstractDocument$DefaultDocumentEventUndoableWrapper::<init> (10 bytes)
Event: 63.036 Thread 0x000001f6b88d8800 nmethod 2520 0x000001f69d105f90 code [0x000001f69d106160, 0x000001f69d106398]
Event: 63.046 Thread 0x000001f6b88d8800 2521       3       java.awt.geom.Rectangle2D$Float::getX (6 bytes)
Event: 63.046 Thread 0x000001f6b88d8800 nmethod 2521 0x000001f69d106490 code [0x000001f69d106640, 0x000001f69d1067b8]
Event: 63.046 Thread 0x000001f6b88d8800 2522       3       java.awt.geom.Rectangle2D$Float::getY (6 bytes)
Event: 63.046 Thread 0x000001f6b88d8800 nmethod 2522 0x000001f69d106890 code [0x000001f69d106a40, 0x000001f69d106bb8]
Event: 63.051 Thread 0x000001f6b88d5800 2523       4       java.util.HashMap::clear (50 bytes)
Event: 63.054 Thread 0x000001f6b88d5800 nmethod 2523 0x000001f6a422b310 code [0x000001f6a422b4a0, 0x000001f6a422b718]

GC Heap History (2 events):
Event: 38.886 GC heap before
{Heap before GC invocations=0 (full 0):
 garbage-first heap   total 262144K, used 24576K [0x0000000700c00000, 0x0000000800000000)
  region size 1024K, 24 young (24576K), 0 survivors (0K)
 Metaspace       used 10958K, capacity 11323K, committed 11392K, reserved 1058816K
  class space    used 1203K, capacity 1370K, committed 1408K, reserved 1048576K
}
Event: 38.891 GC heap after
{Heap after GC invocations=1 (full 0):
 garbage-first heap   total 262144K, used 2708K [0x0000000700c00000, 0x0000000800000000)
  region size 1024K, 3 young (3072K), 3 survivors (3072K)
 Metaspace       used 10958K, capacity 11323K, committed 11392K, reserved 1058816K
  class space    used 1203K, capacity 1370K, committed 1408K, reserved 1048576K
}

Deoptimization events (10 events):
Event: 43.043 Thread 0x000001f6b9436000 Uncommon trap: reason=unstable_if action=reinterpret pc=0x000001f6a41c8094 method=java.awt.DefaultKeyboardFocusManager.dispatchEvent(Ljava/awt/AWTEvent;)Z @ 42 c2
Event: 43.043 Thread 0x000001f6b9436000 Uncommon trap: reason=class_check action=maybe_recompile pc=0x000001f6a41609fc method=java.awt.EventQueue.setCurrentEventAndMostRecentTimeImpl(Ljava/awt/AWTEvent;)V @ 59 c2
Event: 43.044 Thread 0x000001f6b9436000 Uncommon trap: reason=unstable_if action=reinterpret pc=0x000001f6a41dce80 method=java.awt.Component.eventTypeEnabled(I)Z @ 1 c2
Event: 43.045 Thread 0x000001f6b9436000 Uncommon trap: reason=class_check action=maybe_recompile pc=0x000001f6a412d0ec method=java.awt.AWTEvent.dispatched()V @ 11 c2
Event: 43.179 Thread 0x000001f6b9436000 Uncommon trap: reason=class_check action=maybe_recompile pc=0x000001f6a41609fc method=java.awt.EventQueue.setCurrentEventAndMostRecentTimeImpl(Ljava/awt/AWTEvent;)V @ 59 c2
Event: 43.179 Thread 0x000001f6b9436000 Uncommon trap: reason=class_check action=maybe_recompile pc=0x000001f6a412d0ec method=java.awt.AWTEvent.dispatched()V @ 11 c2
Event: 43.531 Thread 0x000001f6b9436000 Uncommon trap: reason=class_check action=maybe_recompile pc=0x000001f6a412d0ec method=java.awt.AWTEvent.dispatched()V @ 11 c2
Event: 43.612 Thread 0x000001f6b9436000 Uncommon trap: reason=class_check action=maybe_recompile pc=0x000001f6a412d0ec method=java.awt.AWTEvent.dispatched()V @ 11 c2
Event: 49.176 Thread 0x000001f6b9436000 Uncommon trap: reason=unstable_if action=reinterpret pc=0x000001f6a41cf62c method=java.awt.Container$MouseEventTargetFilter.accept(Ljava/awt/Component;)Z @ 10 c2
Event: 64.505 Thread 0x000001f6b8f05000 Uncommon trap: reason=unstable_if action=reinterpret pc=0x000001f6a41d17bc method=sun.awt.windows.WWindowPeer.preprocessPostEvent(Ljava/awt/AWTEvent;)V @ 4 c2

Classes redefined (0 events):
No events

Internal exceptions (10 events):
Event: 0.198 Thread 0x000001f694199000 Exception <a 'java/lang/NoSuchMethodError'{0x00000007108acf60}: java.lang.invoke.DirectMethodHandle$Holder.invokeStatic(Ljava/lang/Object;ILjava/lang/Object;Ljava/lang/Object;Ljava/lang/Object;Ljava/lang/Object;)Ljava/lang/Object;> (0x00000007108acf60) th
Event: 0.199 Thread 0x000001f694199000 Exception <a 'java/lang/NoSuchMethodError'{0x00000007108b38d8}: java.lang.invoke.DirectMethodHandle$Holder.invokeStatic(Ljava/lang/Object;ILjava/lang/Object;Ljava/lang/Object;Ljava/lang/Object;)Ljava/lang/Object;> (0x00000007108b38d8) thrown at [t:/worksp
Event: 0.200 Thread 0x000001f694199000 Exception <a 'java/lang/NoSuchMethodError'{0x00000007108b7130}: java.lang.invoke.DirectMethodHandle$Holder.invokeSpecial(Ljava/lang/Object;Ljava/lang/Object;ILjava/lang/Object;Ljava/lang/Object;Ljava/lang/Object;)Ljava/lang/Object;> (0x00000007108b7130) t
Event: 0.225 Thread 0x000001f694199000 Exception <a 'java/lang/ClassNotFoundException'{0x0000000710779250}: com/sun/swing/internal/plaf/metal/resources/spi/metalProvider> (0x0000000710779250) thrown at [t:/workspace/open/src/hotspot/share/classfile/systemDictionary.cpp, line 235]
Event: 0.226 Thread 0x000001f694199000 Exception <a 'java/lang/ClassNotFoundException'{0x000000071077d748}: com/sun/swing/internal/plaf/basic/resources/spi/basicProvider> (0x000000071077d748) thrown at [t:/workspace/open/src/hotspot/share/classfile/systemDictionary.cpp, line 235]
Event: 0.553 Thread 0x000001f694199000 Exception <a 'java/lang/NoSuchMethodError'{0x00000007103a3070}: java.lang.invoke.DirectMethodHandle$Holder.invokeStaticInit(Ljava/lang/Object;)V> (0x00000007103a3070) thrown at [t:/workspace/open/src/hotspot/share/interpreter/linkResolver.cpp, line 777]
Event: 0.558 Thread 0x000001f694199000 Exception <a 'java/lang/NoSuchMethodError'{0x00000007103cd708}: java.lang.invoke.Invokers$Holder.linkToTargetMethod(Ljava/lang/Object;ILjava/lang/Object;)Ljava/lang/Object;> (0x00000007103cd708) thrown at [t:/workspace/open/src/hotspot/share/interpreter/l
Event: 23.214 Thread 0x000001f6b9436000 Implicit null exception at 0x000001f6a4135249 to 0x000001f6a4135d4a
Event: 23.217 Thread 0x000001f6b9436000 Implicit null exception at 0x000001f6a40b8060 to 0x000001f6a40b80c0
Event: 24.489 Thread 0x000001f6b9436000 Implicit null exception at 0x000001f6a40fd37c to 0x000001f6a40fd516

Events (10 events):
Event: 64.505 Thread 0x000001f6b8fa7800 Thread added: 0x000001f6b8fa7800
Event: 64.506 Thread 0x000001f6b8fa7800 Thread exited: 0x000001f6b8fa7800
Event: 64.506 Executing VM operation: RevokeBias
Event: 64.506 Executing VM operation: RevokeBias done
Event: 64.506 Thread 0x000001f6c3f23000 Thread exited: 0x000001f6c3f23000
Event: 64.516 Executing VM operation: RevokeBias
Event: 64.516 Executing VM operation: RevokeBias done
Event: 64.516 Thread 0x000001f6b8f05000 Thread exited: 0x000001f6b8f05000
Event: 64.606 Thread 0x000001f6c3f33800 Thread exited: 0x000001f6c3f33800
Event: 64.607 Executing VM operation: Exit


Dynamic libraries:
0x00007ff6d6b50000 - 0x00007ff6d6b5f000 	C:\Program Files\Java\jdk-12.0.1\bin\java.exe
0x00007ffc5c020000 - 0x00007ffc5c20d000 	C:\Windows\SYSTEM32\ntdll.dll
0x00007ffc5be00000 - 0x00007ffc5beb3000 	C:\Windows\System32\KERNEL32.DLL
0x00007ffc58a90000 - 0x00007ffc58d23000 	C:\Windows\System32\KERNELBASE.dll
0x00007ffc580f0000 - 0x00007ffc581ea000 	C:\Windows\System32\ucrtbase.dll
0x00007ffc34ff0000 - 0x00007ffc35008000 	C:\Program Files\Java\jdk-12.0.1\bin\jli.dll
0x00007ffc343a0000 - 0x00007ffc343b6000 	C:\Program Files\Java\jdk-12.0.1\bin\VCRUNTIME140.dll
0x00007ffc5ba40000 - 0x00007ffc5bae3000 	C:\Windows\System32\ADVAPI32.dll
0x00007ffc59880000 - 0x00007ffc5991e000 	C:\Windows\System32\msvcrt.dll
0x00007ffc5b570000 - 0x00007ffc5b60e000 	C:\Windows\System32\sechost.dll
0x00007ffc59590000 - 0x00007ffc596b2000 	C:\Windows\System32\RPCRT4.dll
0x00007ffc5b290000 - 0x00007ffc5b427000 	C:\Windows\System32\USER32.dll
0x00007ffc4de60000 - 0x00007ffc4e0d9000 	C:\Windows\WinSxS\amd64_microsoft.windows.common-controls_6595b64144ccf1df_6.0.17763.437_none_05b63dca071e5dd6\COMCTL32.dll
0x00007ffc58e30000 - 0x00007ffc58e50000 	C:\Windows\System32\win32u.dll
0x00007ffc5b610000 - 0x00007ffc5b93c000 	C:\Windows\System32\combase.dll
0x00007ffc5bdd0000 - 0x00007ffc5bdf9000 	C:\Windows\System32\GDI32.dll
0x00007ffc59080000 - 0x00007ffc5921a000 	C:\Windows\System32\gdi32full.dll
0x00007ffc58d30000 - 0x00007ffc58dae000 	C:\Windows\System32\bcryptPrimitives.dll
0x00007ffc581f0000 - 0x00007ffc58290000 	C:\Windows\System32\msvcp_win.dll
0x00007ffc53150000 - 0x00007ffc5315a000 	C:\Windows\SYSTEM32\VERSION.dll
0x00007ffc5bda0000 - 0x00007ffc5bdce000 	C:\Windows\System32\IMM32.DLL
0x00007ffc209f0000 - 0x00007ffc20a9a000 	C:\Program Files\Java\jdk-12.0.1\bin\msvcp140.dll
0x00007ffc0c1a0000 - 0x00007ffc0cd14000 	C:\Program Files\Java\jdk-12.0.1\bin\server\jvm.dll
0x00007ffc596c0000 - 0x00007ffc596c8000 	C:\Windows\System32\PSAPI.DLL
0x00007ffc439e0000 - 0x00007ffc439e9000 	C:\Windows\SYSTEM32\WSOCK32.dll
0x00007ffc55cc0000 - 0x00007ffc55ce4000 	C:\Windows\SYSTEM32\WINMM.dll
0x00007ffc5b9c0000 - 0x00007ffc5ba2d000 	C:\Windows\System32\WS2_32.dll
0x00007ffc55c90000 - 0x00007ffc55cbd000 	C:\Windows\SYSTEM32\WINMMBASE.dll
0x00007ffc58e50000 - 0x00007ffc58e9a000 	C:\Windows\System32\cfgmgr32.dll
0x00007ffc58020000 - 0x00007ffc58031000 	C:\Windows\System32\kernel.appcore.dll
0x00007ffc32d40000 - 0x00007ffc32d51000 	C:\Program Files\Java\jdk-12.0.1\bin\verify.dll
0x00007ffc56990000 - 0x00007ffc56b7d000 	C:\Windows\SYSTEM32\DBGHELP.DLL
0x00007ffc45790000 - 0x00007ffc457ba000 	C:\Windows\SYSTEM32\dbgcore.DLL
0x00007ffc31f30000 - 0x00007ffc31f56000 	C:\Program Files\Java\jdk-12.0.1\bin\java.dll
0x00007ffc328b0000 - 0x00007ffc328c7000 	C:\Program Files\Java\jdk-12.0.1\bin\zip.dll
0x00007ffc52d00000 - 0x00007ffc52d0a000 	C:\Program Files\Java\jdk-12.0.1\bin\jimage.dll
0x00007ffc59920000 - 0x00007ffc5ae10000 	C:\Windows\System32\SHELL32.dll
0x00007ffc592b0000 - 0x00007ffc59358000 	C:\Windows\System32\shcore.dll
0x00007ffc58340000 - 0x00007ffc58a8a000 	C:\Windows\System32\windows.storage.dll
0x00007ffc58040000 - 0x00007ffc58064000 	C:\Windows\System32\profapi.dll
0x00007ffc58070000 - 0x00007ffc580cd000 	C:\Windows\System32\powrprof.dll
0x00007ffc5b510000 - 0x00007ffc5b562000 	C:\Windows\System32\shlwapi.dll
0x00007ffc58db0000 - 0x00007ffc58dc7000 	C:\Windows\System32\cryptsp.dll
0x00007ffc0bd20000 - 0x00007ffc0bebf000 	C:\Program Files\Java\jdk-12.0.1\bin\awt.dll
0x00007ffc59360000 - 0x00007ffc59424000 	C:\Windows\System32\OLEAUT32.dll
0x00007ffc54f10000 - 0x00007ffc554ce000 	C:\Windows\SYSTEM32\d2d1.dll
0x00007ffc55ee0000 - 0x00007ffc55f6c000 	C:\Windows\SYSTEM32\apphelp.dll
0x00007ffc56030000 - 0x00007ffc560cc000 	C:\Windows\system32\uxtheme.dll
0x00007ffc5bb00000 - 0x00007ffc5bc6a000 	C:\Windows\System32\MSCTF.dll
0x00007ffc56310000 - 0x00007ffc5633e000 	C:\Windows\system32\dwmapi.dll
0x00007ffc58ea0000 - 0x00007ffc5907b000 	C:\Windows\System32\CRYPT32.dll
0x00007ffc580d0000 - 0x00007ffc580e2000 	C:\Windows\System32\MSASN1.dll
0x00007ffc59430000 - 0x00007ffc59585000 	C:\Windows\System32\ole32.dll
0x00007ffc0bbf0000 - 0x00007ffc0bd17000 	C:\Windows\system32\opengl32.dll
0x00007ffc34d70000 - 0x00007ffc34d9c000 	C:\Windows\SYSTEM32\GLU32.dll
0x00007ffc528a0000 - 0x00007ffc5298e000 	C:\Windows\System32\DriverStore\FileRepository\nvmdi.inf_amd64_737cbdcd7ab44ae9\nvldumdx.dll
0x00007ffc58dd0000 - 0x00007ffc58e29000 	C:\Windows\System32\WINTRUST.DLL
0x00007ffc5bd20000 - 0x00007ffc5bd3d000 	C:\Windows\System32\imagehlp.dll
0x00007ffc57460000 - 0x00007ffc57493000 	C:\Windows\system32\rsaenh.dll
0x00007ffc59220000 - 0x00007ffc59246000 	C:\Windows\System32\bcrypt.dll
0x00007ffc57a70000 - 0x00007ffc57a7c000 	C:\Windows\SYSTEM32\CRYPTBASE.dll
0x00007ffc00e30000 - 0x00007ffc022c7000 	C:\Windows\System32\DriverStore\FileRepository\nvmdi.inf_amd64_737cbdcd7ab44ae9\nvd3dumx.dll
0x00007ffc3d650000 - 0x00007ffc3d8fe000 	C:\Windows\system32\nvspcap64.dll
0x00007ffc570e0000 - 0x00007ffc57111000 	C:\Windows\SYSTEM32\ntmarta.dll
0x00007ffc56d20000 - 0x00007ffc56d42000 	C:\Windows\SYSTEM32\gpapi.dll
0x00007ffc50e00000 - 0x00007ffc50e2f000 	C:\Windows\SYSTEM32\cryptnet.dll
0x00007ffc207a0000 - 0x00007ffc20820000 	C:\Program Files\Java\jdk-12.0.1\bin\freetype.dll
0x00007ffc1f410000 - 0x00007ffc1f47f000 	C:\Program Files\Java\jdk-12.0.1\bin\fontmanager.dll
0x00007ffc2e4a0000 - 0x00007ffc2e4b9000 	C:\Program Files\Java\jdk-12.0.1\bin\net.dll
0x00007ffc4d4f0000 - 0x00007ffc4d6c6000 	C:\Windows\SYSTEM32\urlmon.dll
0x00007ffc52b40000 - 0x00007ffc52c31000 	C:\Windows\SYSTEM32\WINHTTP.dll
0x00007ffc4b970000 - 0x00007ffc4bc18000 	C:\Windows\SYSTEM32\iertutil.dll
0x00007ffc578a0000 - 0x00007ffc57907000 	C:\Windows\system32\mswsock.dll
0x00007ffc2e480000 - 0x00007ffc2e493000 	C:\Program Files\Java\jdk-12.0.1\bin\nio.dll
0x00007ffc292e0000 - 0x00007ffc2930d000 	C:\Program Files\Java\jdk-12.0.1\bin\javajpeg.dll
0x00007ffc5bc70000 - 0x00007ffc5bd12000 	C:\Windows\System32\clbcatq.dll
0x00007ffc52f40000 - 0x00007ffc530f8000 	C:\Windows\SYSTEM32\WindowsCodecs.dll
0x00007ffc4ce00000 - 0x00007ffc4ce95000 	C:\Windows\System32\TextInputFramework.dll
0x00007ffc534a0000 - 0x00007ffc537c2000 	C:\Windows\System32\CoreUIComponents.dll
0x00007ffc55ba0000 - 0x00007ffc55c82000 	C:\Windows\System32\CoreMessaging.dll
0x00007ffc53320000 - 0x00007ffc53473000 	C:\Windows\SYSTEM32\wintypes.dll
0x00007ffc0bec0000 - 0x00007ffc0c194000 	C:\Users\aidan\AppData\Roaming\discord\0.0.305\modules\discord_hook\151198a728\DiscordHook64.dll
0x00007ffc57600000 - 0x00007ffc5763d000 	C:\Windows\SYSTEM32\IPHLPAPI.DLL
0x00007ffc57f50000 - 0x00007ffc57f78000 	C:\Windows\SYSTEM32\USERENV.dll
0x00007ffc54800000 - 0x00007ffc54c52000 	C:\Windows\SYSTEM32\D3DCompiler_47.dll

dbghelp: loaded successfully - version: 4.0.5 - missing functions: none
symbol engine: initialized successfully - sym options: 0x614 - pdb path: .;C:\Program Files\Java\jdk-12.0.1\bin;C:\Windows\SYSTEM32;C:\Windows\WinSxS\amd64_microsoft.windows.common-controls_6595b64144ccf1df_6.0.17763.437_none_05b63dca071e5dd6;C:\Program Files\Java\jdk-12.0.1\bin\server;C:\Windows\System32\DriverStore\FileRepository\nvmdi.inf_amd64_737cbdcd7ab44ae9;C:\Users\aidan\AppData\Roaming\discord\0.0.305\modules\discord_hook\151198a728

VM Arguments:
jvm_args: -Dfile.encoding=UTF-8 
java_command: CCarCrash
java_class_path (initial): C:\Users\aidan\Documents\GitHub\csy1020-2018\CSY1020-A2\bin
Launcher Type: SUN_STANDARD

[Global flags]
     intx CICompilerCount                          = 4                                         {product} {ergonomic}
     uint ConcGCThreads                            = 3                                         {product} {ergonomic}
     uint G1ConcRefinementThreads                  = 10                                        {product} {ergonomic}
   size_t G1HeapRegionSize                         = 1048576                                   {product} {ergonomic}
    uintx GCDrainStackTargetSize                   = 64                                        {product} {ergonomic}
   size_t InitialHeapSize                          = 268435456                                 {product} {ergonomic}
   size_t MarkStackSize                            = 4194304                                   {product} {ergonomic}
   size_t MaxHeapSize                              = 4282384384                                {product} {ergonomic}
   size_t MaxNewSize                               = 2569011200                                {product} {ergonomic}
   size_t MinHeapDeltaBytes                        = 1048576                                   {product} {ergonomic}
    uintx NonNMethodCodeHeapSize                   = 5836300                                {pd product} {ergonomic}
    uintx NonProfiledCodeHeapSize                  = 122910970                              {pd product} {ergonomic}
    uintx ProfiledCodeHeapSize                     = 122910970                              {pd product} {ergonomic}
    uintx ReservedCodeCacheSize                    = 251658240                              {pd product} {ergonomic}
     bool SegmentedCodeCache                       = true                                      {product} {ergonomic}
     bool UseCompressedClassPointers               = true                                 {lp64_product} {ergonomic}
     bool UseCompressedOops                        = true                                 {lp64_product} {ergonomic}
     bool UseG1GC                                  = true                                      {product} {ergonomic}
     bool UseLargePagesIndividualAllocation        = false                                  {pd product} {ergonomic}

Logging:
Log output configuration:
 #0: stdout all=warning uptime,level,tags
 #1: stderr all=off uptime,level,tags

Environment Variables:
PATH=C:\Program Files (x86)\Python37-32\Scripts\;C:\Program Files (x86)\Python37-32\;C:\Program Files (x86)\Common Files\Oracle\Java\javapath;C:\Windows\system32;C:\Windows;C:\Windows\System32\Wbem;C:\Windows\System32\WindowsPowerShell\v1.0\;C:\Windows\System32\OpenSSH\;C:\Program Files\Microsoft VS Code\bin;C:\Program Files\Git\cmd;C:\Program Files\NVIDIA Corporation\NVIDIA NvDLISR;C:\Program Files (x86)\NVIDIA Corporation\PhysX\Common;C:\Users\aidan\AppData\Local\Microsoft\WindowsApps;C:\Users\aidan\AppData\Local\GitHubDesktop\bin
USERNAME=aidan
OS=Windows_NT
PROCESSOR_IDENTIFIER=AMD64 Family 23 Model 1 Stepping 1, AuthenticAMD



---------------  S Y S T E M  ---------------

OS: Windows 10 , 64 bit Build 17763 (10.0.17763.437)

CPU:total 12 (initial active 12) (12 cores per cpu, 2 threads per core) family 23 model 1 stepping 1, cmov, cx8, fxsr, mmx, sse, sse2, sse3, ssse3, sse4.1, sse4.2, popcnt, avx, avx2, aes, clmul, mmxext, 3dnowpref, lzcnt, sse4a, ht, tsc, tscinvbit, tscinv, bmi1, bmi2, adx, sha, fma

Memory: 4k page, system-wide physical 16332M (8482M free)
TotalPageFile size 18380M (AvailPageFile size 5313M)
current process WorkingSet (physical memory assigned to process): 136M, peak: 179M
current process commit charge ("private bytes"): 426M, peak: 476M

vm_info: Java HotSpot(TM) 64-Bit Server VM (12.0.1+12) for windows-amd64 JRE (12.0.1+12), built on Apr  2 2019 14:02:19 by "mach5one" with MS VC++ 15.5 (VS2017)

END.
